#
# A fatal error has been detected by the Java Runtime Environment:
#
#  SIGSEGV (0xb) at pc=0x00007fa29a49b836, pid=31891, tid=31904
#
# JRE version: OpenJDK Runtime Environment Corretto-11.0.20.8.1 (11.0.20+8) (build 11.0.20+8-LTS)
# Java VM: OpenJDK 64-Bit Server VM Corretto-11.0.20.8.1 (11.0.20+8-LTS, mixed mode, tiered, compressed oops, g1 gc, linux-amd64)
# Problematic frame:
# V  [libjvm.so+0xa9b836]  PhaseCFG::schedule_local(Block*, GrowableArray<int>&, VectorSet&, long*)+0xa06
#
# Core dump will be written. Default location: Core dumps may be processed with "/usr/share/apport/apport -p%p -s%s -c%c -d%d -P%P -u%u -g%g -- %E" (or dumping to /home/iamgroot/dev/java-shareit/core.31891)
#
# If you would like to submit a bug report, please visit:
#   https://github.com/corretto/corretto-11/issues/
#

---------------  S U M M A R Y ------------

Command Line: -Dmaven.multiModuleProjectDirectory=/home/iamgroot/dev/java-shareit -Djansi.passthrough=true -Dmaven.home=/snap/intellij-idea-ultimate/446/plugins/maven/lib/maven3 -Dclassworlds.conf=/snap/intellij-idea-ultimate/446/plugins/maven/lib/maven3/bin/m2.conf -Dmaven.ext.class.path=/snap/intellij-idea-ultimate/446/plugins/maven/lib/maven-event-listener.jar -javaagent:/snap/intellij-idea-ultimate/446/lib/idea_rt.jar=41309:/snap/intellij-idea-ultimate/446/bin -Dfile.encoding=UTF-8 org.codehaus.classworlds.Launcher -Didea.version=2023.2 clean package -P coverage,check

Host: Intel(R) Core(TM)2 Duo CPU     E6550  @ 2.33GHz, 2 cores, 3G, Ubuntu 22.04.3 LTS
Time: Sat Aug 12 17:09:25 2023 MSK elapsed time: 25.705247 seconds (0d 0h 0m 25s)

---------------  T H R E A D  ---------------

Current thread (0x00007fa294186800):  JavaThread "C2 CompilerThread0" daemon [_thread_in_native, id=31904, stack(0x00007fa266700000,0x00007fa266800000)]


Current CompileTask:
C2:  25705 11353       4       org.antlr.v4.runtime.atn.PredictionContext::mergeArrays (579 bytes)

Stack: [0x00007fa266700000,0x00007fa266800000],  sp=0x00007fa2667fb200,  free space=1004k
Native frames: (J=compiled Java code, A=aot compiled Java code, j=interpreted, Vv=VM code, C=native code)
V  [libjvm.so+0xa9b836]  PhaseCFG::schedule_local(Block*, GrowableArray<int>&, VectorSet&, long*)+0xa06
V  [libjvm.so+0x838595]  PhaseCFG::global_code_motion()+0x725
V  [libjvm.so+0x838aca]  PhaseCFG::do_global_code_motion()+0x4a
V  [libjvm.so+0x6755db]  Compile::Code_Gen()+0x20b
V  [libjvm.so+0x678f6b]  Compile::Compile(ciEnv*, C2Compiler*, ciMethod*, int, bool, bool, bool, bool, DirectiveSet*)+0xd4b
V  [libjvm.so+0x58aea4]  C2Compiler::compile_method(ciEnv*, ciMethod*, int, DirectiveSet*)+0xd4
V  [libjvm.so+0x68322a]  CompileBroker::invoke_compiler_on_method(CompileTask*)+0x3ca
V  [libjvm.so+0x684958]  CompileBroker::compiler_thread_loop()+0x5a8
V  [libjvm.so+0xedf730]  JavaThread::run()+0x280
V  [libjvm.so+0xedc0ff]  Thread::call_run()+0x14f
V  [libjvm.so+0xc78ea6]  thread_native_entry(Thread*)+0xe6


siginfo: si_signo: 11 (SIGSEGV), si_code: 1 (SEGV_MAPERR), si_addr: 0x0000000000000028

Register to memory mapping:

RAX=0x0000000000000001 is an unknown value
RBX=0x00007fa2446eb1e8 points into unknown readable memory: 0x00007fa29ae80810 | 10 08 e8 9a a2 7f 00 00
RCX=0x00007fa244558290 points into unknown readable memory: 0x00007fa244012c18 | 18 2c 01 44 a2 7f 00 00
RDX=0x00007fa244c91c70 points into unknown readable memory: 0x0000000000000000 | 00 00 00 00 00 00 00 00
RSP=0x00007fa2667fb200 is pointing into the stack for thread: 0x00007fa294186800
RBP=0x00007fa2667fb320 is pointing into the stack for thread: 0x00007fa294186800
RSI=0x00007fa29a49b759: <offset 0x0000000000a9b759> in /usr/lib/jvm/java-11-amazon-corretto/lib/server/libjvm.so at 0x00007fa299a00000
RDI=0x00007fa2667fb780 is pointing into the stack for thread: 0x00007fa294186800
R8 =0x00007fa2667fb3a0 is pointing into the stack for thread: 0x00007fa294186800
R9 =0x00007fa244c91dd0 points into unknown readable memory: 0x00007fa29aed4040 | 40 40 ed 9a a2 7f 00 00
R10=0x00007fa2446eb1d8 points into unknown readable memory: 0x0000000000000000 | 00 00 00 00 00 00 00 00
R11=0x0000000000000002 is an unknown value
R12=0x00007fa2667fb780 is pointing into the stack for thread: 0x00007fa294186800
R13=0x00007fa244c91c68 points into unknown readable memory: 0x0000000000000000 | 00 00 00 00 00 00 00 00
R14=0x0 is NULL
R15=0x00007fa2667fb450 is pointing into the stack for thread: 0x00007fa294186800


Registers:
RAX=0x0000000000000001, RBX=0x00007fa2446eb1e8, RCX=0x00007fa244558290, RDX=0x00007fa244c91c70
RSP=0x00007fa2667fb200, RBP=0x00007fa2667fb320, RSI=0x00007fa29a49b759, RDI=0x00007fa2667fb780
R8 =0x00007fa2667fb3a0, R9 =0x00007fa244c91dd0, R10=0x00007fa2446eb1d8, R11=0x0000000000000002
R12=0x00007fa2667fb780, R13=0x00007fa244c91c68, R14=0x0000000000000000, R15=0x00007fa2667fb450
RIP=0x00007fa29a49b836, EFLAGS=0x0000000000010283, CSGSFS=0x002b000000000033, ERR=0x0000000000000004
  TRAPNO=0x000000000000000e

Top of Stack: (sp=0x00007fa2667fb200)
0x00007fa2667fb200:   0000000000000004 00007fa2667fb250
0x00007fa2667fb210:   00007fa2667fb270 00007fa2446eb1f8
0x00007fa2667fb220:   00007fa24486e4e0 00007fa29a8e194b
0x00007fa2667fb230:   00007fa2667fb270 00007fa2667fb3a0 

Instructions: (pc=0x00007fa29a49b836)
0x00007fa29a49b736:   8b 43 18 31 d2 45 85 c0 74 07 48 8b 43 20 48 8b
0x00007fa29a49b746:   10 48 8b 8d 18 ff ff ff 4c 89 e7 48 89 de e8 27
0x00007fa29a49b756:   ec ff ff 41 8b 07 8b bd 68 ff ff ff 89 85 20 ff
0x00007fa29a49b766:   ff ff 48 8d 85 50 ff ff ff 85 ff 48 89 85 10 ff
0x00007fa29a49b776:   ff ff 0f 84 63 01 00 00 66 90 4c 8b 85 18 ff ff
0x00007fa29a49b786:   ff 48 8b 95 10 ff ff ff 48 83 ec 08 ff b5 00 ff
0x00007fa29a49b796:   ff ff 45 89 e9 4c 89 f9 48 89 de 4c 89 e7 e8 77
0x00007fa29a49b7a6:   e2 ff ff 44 3b 6b 18 49 89 c1 48 8d 43 10 59 45
0x00007fa29a49b7b6:   8d 5d 01 48 89 85 f8 fe ff ff 5e 0f 83 89 01 00
0x00007fa29a49b7c6:   00 48 8b 53 20 44 89 e8 4c 89 0c c2 48 8b 85 28
0x00007fa29a49b7d6:   ff ff ff 80 38 00 74 0d 80 bd 0f ff ff ff 00 0f
0x00007fa29a49b7e6:   85 35 04 00 00 41 8b 41 2c 89 c2 83 e2 1f 83 fa
0x00007fa29a49b7f6:   1e 0f 84 8b 04 00 00 83 e0 03 83 f8 02 0f 84 77
0x00007fa29a49b806:   01 00 00 41 8b 41 20 4d 8b 69 10 49 8d 54 c5 00
0x00007fa29a49b816:   49 39 d5 72 12 e9 b0 00 00 00 49 83 c5 08 49 39
0x00007fa29a49b826:   d5 0f 83 a3 00 00 00 4d 8b 75 00 49 8b 4c 24 78
0x00007fa29a49b836:   41 8b 76 28 48 3b 1c f1 48 89 f0 75 dd 41 8b 4e
0x00007fa29a49b846:   2c 83 e1 0f 83 f9 0c 74 d1 39 b5 20 ff ff ff 76
0x00007fa29a49b856:   c9 49 8b 4f 18 48 98 48 8d 0c 81 83 29 01 75 ba
0x00007fa29a49b866:   8b 85 68 ff ff ff 3b 85 58 ff ff ff 8d 48 01 89
0x00007fa29a49b876:   8d 68 ff ff ff 72 36 48 8b bd 10 ff ff ff 89 c6
0x00007fa29a49b886:   48 89 95 e8 fe ff ff 44 89 9d f0 fe ff ff 89 85
0x00007fa29a49b896:   f8 fe ff ff e8 e1 31 1a 00 8b 85 f8 fe ff ff 48
0x00007fa29a49b8a6:   8b 95 e8 fe ff ff 44 8b 9d f0 fe ff ff 48 8b 8d
0x00007fa29a49b8b6:   60 ff ff ff 49 83 c5 08 49 39 d5 4c 89 34 c1 0f
0x00007fa29a49b8c6:   82 62 ff ff ff 0f 1f 44 00 00 45 89 dd 8b bd 68
0x00007fa29a49b8d6:   ff ff ff 85 ff 0f 85 9f fe ff ff 8b 43 28 45 31
0x00007fa29a49b8e6:   ff 44 8d 70 ff 44 3b 73 18 73 0b 48 8b 53 20 44
0x00007fa29a49b8f6:   89 f0 4c 8b 3c c2 49 8b 07 4c 89 ff ff 50 20 49
0x00007fa29a49b906:   39 c7 74 04 44 2b 73 48 45 39 f5 0f 84 a0 03 00
0x00007fa29a49b916:   00 49 8b 5c 24 08 44 0f b6 6b 15 45 84 ed 74 15
0x00007fa29a49b926:   48 8b 83 60 01 00 00 45 31 ed 48 83 78 58 00 0f 


Stack slot to memory mapping:
stack at sp + 0 slots: 0x0000000000000004 is an unknown value
stack at sp + 1 slots: 0x00007fa2667fb250 is pointing into the stack for thread: 0x00007fa294186800
stack at sp + 2 slots: 0x00007fa2667fb270 is pointing into the stack for thread: 0x00007fa294186800
stack at sp + 3 slots: 0x00007fa2446eb1f8 points into unknown readable memory: 0x00007fa2667fdf28 | 28 df 7f 66 a2 7f 00 00
stack at sp + 4 slots: 0x00007fa24486e4e0 points into unknown readable memory: 0x000000007fff7fff | ff 7f ff 7f 00 00 00 00
stack at sp + 5 slots: 0x00007fa29a8e194b: <offset 0x0000000000ee194b> in /usr/lib/jvm/java-11-amazon-corretto/lib/server/libjvm.so at 0x00007fa299a00000
stack at sp + 6 slots: 0x00007fa2667fb270 is pointing into the stack for thread: 0x00007fa294186800
stack at sp + 7 slots: 0x00007fa2667fb3a0 is pointing into the stack for thread: 0x00007fa294186800


---------------  P R O C E S S  ---------------

Threads class SMR info:
_java_thread_list=0x00007fa24c002ed0, length=12, elements={
0x00007fa294028800, 0x00007fa294169800, 0x00007fa29416d800, 0x00007fa294182800,
0x00007fa294184800, 0x00007fa294186800, 0x00007fa294189000, 0x00007fa29418b000,
0x00007fa294238800, 0x00007fa294301800, 0x00007fa24c001000, 0x00007fa29592c000
}

Java Threads: ( => current thread )
  0x00007fa294028800 JavaThread "main" [_thread_in_Java, id=31893, stack(0x00007fa299900000,0x00007fa299a00000)]
  0x00007fa294169800 JavaThread "Reference Handler" daemon [_thread_blocked, id=31900, stack(0x00007fa27c0f9000,0x00007fa27c1f9000)]
  0x00007fa29416d800 JavaThread "Finalizer" daemon [_thread_blocked, id=31901, stack(0x00007fa274070000,0x00007fa274170000)]
  0x00007fa294182800 JavaThread "Signal Dispatcher" daemon [_thread_blocked, id=31902, stack(0x00007fa266900000,0x00007fa266a00000)]
  0x00007fa294184800 JavaThread "Service Thread" daemon [_thread_blocked, id=31903, stack(0x00007fa266800000,0x00007fa266900000)]
=>0x00007fa294186800 JavaThread "C2 CompilerThread0" daemon [_thread_in_native, id=31904, stack(0x00007fa266700000,0x00007fa266800000)]
  0x00007fa294189000 JavaThread "C1 CompilerThread0" daemon [_thread_blocked, id=31905, stack(0x00007fa266600000,0x00007fa266700000)]
  0x00007fa29418b000 JavaThread "Sweeper thread" daemon [_thread_blocked, id=31906, stack(0x00007fa266500000,0x00007fa266600000)]
  0x00007fa294238800 JavaThread "Common-Cleaner" daemon [_thread_blocked, id=31907, stack(0x00007fa266400000,0x00007fa266500000)]
  0x00007fa294301800 JavaThread "Monitor Ctrl-Break" daemon [_thread_in_native, id=31908, stack(0x00007fa266300000,0x00007fa266400000)]
  0x00007fa24c001000 JavaThread "Attach Listener" daemon [_thread_blocked, id=31911, stack(0x00007fa265700000,0x00007fa265800000)]
  0x00007fa29592c000 JavaThread "ForkJoinPool.commonPool-worker-3" daemon [_thread_blocked, id=31913, stack(0x00007fa23b100000,0x00007fa23b200000)]

Other Threads:
  0x00007fa294161800 VMThread "VM Thread" [stack: 0x00007fa27c1fb000,0x00007fa27c2fb000] [id=31899]
  0x00007fa294302800 WatcherThread [stack: 0x00007fa265f00000,0x00007fa266000000] [id=31909]
  0x00007fa294041800 GCTaskThread "GC Thread#0" [stack: 0x00007fa299500000,0x00007fa299600000] [id=31894]
  0x00007fa25c001000 GCTaskThread "GC Thread#1" [stack: 0x00007fa265b00000,0x00007fa265c00000] [id=31910]
  0x00007fa29405c800 ConcurrentGCThread "G1 Main Marker" [stack: 0x00007fa29812e000,0x00007fa29822e000] [id=31895]
  0x00007fa29405e800 ConcurrentGCThread "G1 Conc#0" [stack: 0x00007fa29802c000,0x00007fa29812c000] [id=31896]
  0x00007fa294099800 ConcurrentGCThread "G1 Refine#0" [stack: 0x00007fa27c3ff000,0x00007fa27c4ff000] [id=31897]
  0x00007fa29409b800 ConcurrentGCThread "G1 Young RemSet Sampling" [stack: 0x00007fa27c2fd000,0x00007fa27c3fd000] [id=31898]

Threads with active compile tasks:
C2 CompilerThread0    25717 11353       4       org.antlr.v4.runtime.atn.PredictionContext::mergeArrays (579 bytes)

VM state:not at safepoint (normal execution)

VM Mutex/Monitor currently owned by a thread: None

Heap address: 0x00000000c2e00000, size: 978 MB, Compressed Oops mode: 32-bit
Narrow klass base: 0x0000000000000000, Narrow klass shift: 3
Compressed class space size: 1073741824 Address: 0x0000000100000000

Heap:
 garbage-first heap   total 199680K, used 139360K [0x00000000c2e00000, 0x0000000100000000)
  region size 1024K, 73 young (74752K), 6 survivors (6144K)
 Metaspace       used 57789K, capacity 59598K, committed 59828K, reserved 1101824K
  class space    used 6220K, capacity 6949K, committed 7012K, reserved 1048576K
Heap Regions: E=young(eden), S=young(survivor), O=old, HS=humongous(starts), HC=humongous(continues), CS=collection set, F=free, A=archive, TAMS=top-at-mark-start (previous, next)
|   0|0x00000000c2e00000, 0x00000000c2f00000, 0x00000000c2f00000|100%| O|  |TAMS 0x00000000c2f00000, 0x00000000c2e00000| Untracked 
|   1|0x00000000c2f00000, 0x00000000c3000000, 0x00000000c3000000|100%| O|  |TAMS 0x00000000c3000000, 0x00000000c2f00000| Untracked 
|   2|0x00000000c3000000, 0x00000000c3100000, 0x00000000c3100000|100%| O|  |TAMS 0x00000000c3100000, 0x00000000c3000000| Untracked 
|   3|0x00000000c3100000, 0x00000000c3200000, 0x00000000c3200000|100%| O|  |TAMS 0x00000000c3200000, 0x00000000c3100000| Untracked 
|   4|0x00000000c3200000, 0x00000000c3300000, 0x00000000c3300000|100%| O|  |TAMS 0x00000000c3300000, 0x00000000c3200000| Untracked 
|   5|0x00000000c3300000, 0x00000000c3400000, 0x00000000c3400000|100%| O|  |TAMS 0x00000000c3400000, 0x00000000c3300000| Untracked 
|   6|0x00000000c3400000, 0x00000000c3500000, 0x00000000c3500000|100%| O|  |TAMS 0x00000000c3500000, 0x00000000c3400000| Untracked 
|   7|0x00000000c3500000, 0x00000000c3600000, 0x00000000c3600000|100%| O|  |TAMS 0x00000000c3600000, 0x00000000c3500000| Untracked 
|   8|0x00000000c3600000, 0x00000000c3700000, 0x00000000c3700000|100%| O|  |TAMS 0x00000000c3700000, 0x00000000c3600000| Untracked 
|   9|0x00000000c3700000, 0x00000000c3800000, 0x00000000c3800000|100%| O|  |TAMS 0x00000000c3800000, 0x00000000c3700000| Untracked 
|  10|0x00000000c3800000, 0x00000000c3900000, 0x00000000c3900000|100%| O|  |TAMS 0x00000000c3900000, 0x00000000c3800000| Untracked 
|  11|0x00000000c3900000, 0x00000000c3a00000, 0x00000000c3a00000|100%| O|  |TAMS 0x00000000c3a00000, 0x00000000c3900000| Untracked 
|  12|0x00000000c3a00000, 0x00000000c3b00000, 0x00000000c3b00000|100%| O|  |TAMS 0x00000000c3b00000, 0x00000000c3a00000| Untracked 
|  13|0x00000000c3b00000, 0x00000000c3c00000, 0x00000000c3c00000|100%| O|  |TAMS 0x00000000c3c00000, 0x00000000c3b00000| Untracked 
|  14|0x00000000c3c00000, 0x00000000c3d00000, 0x00000000c3d00000|100%| O|  |TAMS 0x00000000c3d00000, 0x00000000c3c00000| Untracked 
|  15|0x00000000c3d00000, 0x00000000c3e00000, 0x00000000c3e00000|100%| O|  |TAMS 0x00000000c3e00000, 0x00000000c3d00000| Untracked 
|  16|0x00000000c3e00000, 0x00000000c3f00000, 0x00000000c3f00000|100%| O|  |TAMS 0x00000000c3f00000, 0x00000000c3e00000| Untracked 
|  17|0x00000000c3f00000, 0x00000000c4000000, 0x00000000c4000000|100%| O|  |TAMS 0x00000000c4000000, 0x00000000c3f00000| Untracked 
|  18|0x00000000c4000000, 0x00000000c4100000, 0x00000000c4100000|100%| O|  |TAMS 0x00000000c4100000, 0x00000000c4000000| Untracked 
|  19|0x00000000c4100000, 0x00000000c4200000, 0x00000000c4200000|100%| O|  |TAMS 0x00000000c4100000, 0x00000000c4100000| Untracked 
|  20|0x00000000c4200000, 0x00000000c4300000, 0x00000000c4300000|100%| O|  |TAMS 0x00000000c4200000, 0x00000000c4200000| Untracked 
|  21|0x00000000c4300000, 0x00000000c4400000, 0x00000000c4400000|100%|HS|  |TAMS 0x00000000c4300000, 0x00000000c4300000| Complete 
|  22|0x00000000c4400000, 0x00000000c4500000, 0x00000000c4500000|100%| O|  |TAMS 0x00000000c4400000, 0x00000000c4400000| Untracked 
|  23|0x00000000c4500000, 0x00000000c4600000, 0x00000000c4600000|100%| O|  |TAMS 0x00000000c4600000, 0x00000000c4500000| Untracked 
|  24|0x00000000c4600000, 0x00000000c4700000, 0x00000000c4700000|100%| O|  |TAMS 0x00000000c4700000, 0x00000000c4600000| Untracked 
|  25|0x00000000c4700000, 0x00000000c4800000, 0x00000000c4800000|100%| O|  |TAMS 0x00000000c4800000, 0x00000000c4700000| Untracked 
|  26|0x00000000c4800000, 0x00000000c4900000, 0x00000000c4900000|100%| O|  |TAMS 0x00000000c4900000, 0x00000000c4800000| Untracked 
|  27|0x00000000c4900000, 0x00000000c4a00000, 0x00000000c4a00000|100%| O|  |TAMS 0x00000000c4a00000, 0x00000000c4900000| Untracked 
|  28|0x00000000c4a00000, 0x00000000c4b00000, 0x00000000c4b00000|100%| O|  |TAMS 0x00000000c4b00000, 0x00000000c4a00000| Untracked 
|  29|0x00000000c4b00000, 0x00000000c4c00000, 0x00000000c4c00000|100%| O|  |TAMS 0x00000000c4c00000, 0x00000000c4b00000| Untracked 
|  30|0x00000000c4c00000, 0x00000000c4d00000, 0x00000000c4d00000|100%| O|  |TAMS 0x00000000c4c00000, 0x00000000c4c00000| Untracked 
|  31|0x00000000c4d00000, 0x00000000c4e00000, 0x00000000c4e00000|100%| O|  |TAMS 0x00000000c4e00000, 0x00000000c4d00000| Untracked 
|  32|0x00000000c4e00000, 0x00000000c4f00000, 0x00000000c4f00000|100%| O|  |TAMS 0x00000000c4e00000, 0x00000000c4e00000| Untracked 
|  33|0x00000000c4f00000, 0x00000000c5000000, 0x00000000c5000000|100%| O|  |TAMS 0x00000000c5000000, 0x00000000c4f00000| Untracked 
|  34|0x00000000c5000000, 0x00000000c5100000, 0x00000000c5100000|100%| O|  |TAMS 0x00000000c5000000, 0x00000000c5000000| Untracked 
|  35|0x00000000c5100000, 0x00000000c5200000, 0x00000000c5200000|100%| O|  |TAMS 0x00000000c5200000, 0x00000000c5100000| Untracked 
|  36|0x00000000c5200000, 0x00000000c5300000, 0x00000000c5300000|100%|HS|  |TAMS 0x00000000c5300000, 0x00000000c5200000| Complete 
|  37|0x00000000c5300000, 0x00000000c5400000, 0x00000000c5400000|100%| O|  |TAMS 0x00000000c5400000, 0x00000000c5300000| Untracked 
|  38|0x00000000c5400000, 0x00000000c5500000, 0x00000000c5500000|100%| O|  |TAMS 0x00000000c5500000, 0x00000000c5400000| Untracked 
|  39|0x00000000c5500000, 0x00000000c5600000, 0x00000000c5600000|100%| O|  |TAMS 0x00000000c5600000, 0x00000000c5500000| Untracked 
|  40|0x00000000c5600000, 0x00000000c5700000, 0x00000000c5700000|100%| O|  |TAMS 0x00000000c5700000, 0x00000000c5600000| Untracked 
|  41|0x00000000c5700000, 0x00000000c5800000, 0x00000000c5800000|100%| O|  |TAMS 0x00000000c5700000, 0x00000000c5700000| Untracked 
|  42|0x00000000c5800000, 0x00000000c5900000, 0x00000000c5900000|100%| O|  |TAMS 0x00000000c5800000, 0x00000000c5800000| Untracked 
|  43|0x00000000c5900000, 0x00000000c5a00000, 0x00000000c5a00000|100%| O|  |TAMS 0x00000000c5900000, 0x00000000c5900000| Untracked 
|  44|0x00000000c5a00000, 0x00000000c5b00000, 0x00000000c5b00000|100%| O|  |TAMS 0x00000000c5a00000, 0x00000000c5a00000| Untracked 
|  45|0x00000000c5b00000, 0x00000000c5c00000, 0x00000000c5c00000|100%| O|  |TAMS 0x00000000c5b00000, 0x00000000c5b00000| Untracked 
|  46|0x00000000c5c00000, 0x00000000c5d00000, 0x00000000c5d00000|100%| O|  |TAMS 0x00000000c5c00000, 0x00000000c5c00000| Untracked 
|  47|0x00000000c5d00000, 0x00000000c5e00000, 0x00000000c5e00000|100%| O|  |TAMS 0x00000000c5d00000, 0x00000000c5d00000| Untracked 
|  48|0x00000000c5e00000, 0x00000000c5f00000, 0x00000000c5f00000|100%| O|  |TAMS 0x00000000c5e00000, 0x00000000c5e00000| Untracked 
|  49|0x00000000c5f00000, 0x00000000c6000000, 0x00000000c6000000|100%| O|  |TAMS 0x00000000c5f00000, 0x00000000c5f00000| Untracked 
|  50|0x00000000c6000000, 0x00000000c6100000, 0x00000000c6100000|100%| O|  |TAMS 0x00000000c6000000, 0x00000000c6000000| Untracked 
|  51|0x00000000c6100000, 0x00000000c6200000, 0x00000000c6200000|100%| O|  |TAMS 0x00000000c6100000, 0x00000000c6100000| Untracked 
|  52|0x00000000c6200000, 0x00000000c6300000, 0x00000000c6300000|100%| O|  |TAMS 0x00000000c6200000, 0x00000000c6200000| Untracked 
|  53|0x00000000c6300000, 0x00000000c6400000, 0x00000000c6400000|100%| O|  |TAMS 0x00000000c6300000, 0x00000000c6300000| Untracked 
|  54|0x00000000c6400000, 0x00000000c6500000, 0x00000000c6500000|100%| O|  |TAMS 0x00000000c6400000, 0x00000000c6400000| Untracked 
|  55|0x00000000c6500000, 0x00000000c6600000, 0x00000000c6600000|100%| O|  |TAMS 0x00000000c6500000, 0x00000000c6500000| Untracked 
|  56|0x00000000c6600000, 0x00000000c6700000, 0x00000000c6700000|100%| O|  |TAMS 0x00000000c6700000, 0x00000000c6600000| Untracked 
|  57|0x00000000c6700000, 0x00000000c6800000, 0x00000000c6800000|100%| O|  |TAMS 0x00000000c675b400, 0x00000000c6700000| Untracked 
|  58|0x00000000c6800000, 0x00000000c6900000, 0x00000000c6900000|100%| O|  |TAMS 0x00000000c6800000, 0x00000000c6800000| Untracked 
|  59|0x00000000c6900000, 0x00000000c6a00000, 0x00000000c6a00000|100%| O|  |TAMS 0x00000000c6900000, 0x00000000c6900000| Untracked 
|  60|0x00000000c6a00000, 0x00000000c6a18200, 0x00000000c6b00000|  9%| O|  |TAMS 0x00000000c6a00000, 0x00000000c6a00000| Untracked 
|  61|0x00000000c6b00000, 0x00000000c6b00000, 0x00000000c6c00000|  0%| F|  |TAMS 0x00000000c6b00000, 0x00000000c6b00000| Untracked 
|  62|0x00000000c6c00000, 0x00000000c6c00000, 0x00000000c6d00000|  0%| F|  |TAMS 0x00000000c6c00000, 0x00000000c6c00000| Untracked 
|  63|0x00000000c6d00000, 0x00000000c6d00000, 0x00000000c6e00000|  0%| F|  |TAMS 0x00000000c6d00000, 0x00000000c6d00000| Untracked 
|  64|0x00000000c6e00000, 0x00000000c6e00000, 0x00000000c6f00000|  0%| F|  |TAMS 0x00000000c6e00000, 0x00000000c6e00000| Untracked 
|  65|0x00000000c6f00000, 0x00000000c6f00000, 0x00000000c7000000|  0%| F|  |TAMS 0x00000000c6f00000, 0x00000000c6f00000| Untracked 
|  66|0x00000000c7000000, 0x00000000c7000000, 0x00000000c7100000|  0%| F|  |TAMS 0x00000000c7000000, 0x00000000c7000000| Untracked 
|  67|0x00000000c7100000, 0x00000000c7100000, 0x00000000c7200000|  0%| F|  |TAMS 0x00000000c7100000, 0x00000000c7100000| Untracked 
|  68|0x00000000c7200000, 0x00000000c7200000, 0x00000000c7300000|  0%| F|  |TAMS 0x00000000c7200000, 0x00000000c7200000| Untracked 
|  69|0x00000000c7300000, 0x00000000c7300000, 0x00000000c7400000|  0%| F|  |TAMS 0x00000000c7300000, 0x00000000c7300000| Untracked 
|  70|0x00000000c7400000, 0x00000000c7400000, 0x00000000c7500000|  0%| F|  |TAMS 0x00000000c7400000, 0x00000000c7400000| Untracked 
|  71|0x00000000c7500000, 0x00000000c7500000, 0x00000000c7600000|  0%| F|  |TAMS 0x00000000c7500000, 0x00000000c7500000| Untracked 
|  72|0x00000000c7600000, 0x00000000c7600000, 0x00000000c7700000|  0%| F|  |TAMS 0x00000000c7600000, 0x00000000c7600000| Untracked 
|  73|0x00000000c7700000, 0x00000000c7800000, 0x00000000c7800000|100%| O|  |TAMS 0x00000000c7700000, 0x00000000c7700000| Untracked 
|  74|0x00000000c7800000, 0x00000000c7900000, 0x00000000c7900000|100%| O|  |TAMS 0x00000000c7800000, 0x00000000c7800000| Untracked 
|  75|0x00000000c7900000, 0x00000000c7a00000, 0x00000000c7a00000|100%| O|  |TAMS 0x00000000c7900000, 0x00000000c7900000| Untracked 
|  76|0x00000000c7a00000, 0x00000000c7b00000, 0x00000000c7b00000|100%| O|  |TAMS 0x00000000c7a00000, 0x00000000c7a00000| Untracked 
|  77|0x00000000c7b00000, 0x00000000c7b00000, 0x00000000c7c00000|  0%| F|  |TAMS 0x00000000c7b00000, 0x00000000c7b00000| Untracked 
|  78|0x00000000c7c00000, 0x00000000c7c00000, 0x00000000c7d00000|  0%| F|  |TAMS 0x00000000c7c00000, 0x00000000c7c00000| Untracked 
|  79|0x00000000c7d00000, 0x00000000c7d00000, 0x00000000c7e00000|  0%| F|  |TAMS 0x00000000c7d00000, 0x00000000c7d00000| Untracked 
|  80|0x00000000c7e00000, 0x00000000c7e00000, 0x00000000c7f00000|  0%| F|  |TAMS 0x00000000c7e00000, 0x00000000c7e00000| Untracked 
|  81|0x00000000c7f00000, 0x00000000c7f00000, 0x00000000c8000000|  0%| F|  |TAMS 0x00000000c7f00000, 0x00000000c7f00000| Untracked 
|  82|0x00000000c8000000, 0x00000000c8000000, 0x00000000c8100000|  0%| F|  |TAMS 0x00000000c8000000, 0x00000000c8000000| Untracked 
|  83|0x00000000c8100000, 0x00000000c8100000, 0x00000000c8200000|  0%| F|  |TAMS 0x00000000c8100000, 0x00000000c8100000| Untracked 
|  84|0x00000000c8200000, 0x00000000c8200000, 0x00000000c8300000|  0%| F|  |TAMS 0x00000000c8200000, 0x00000000c8200000| Untracked 
|  85|0x00000000c8300000, 0x00000000c8300000, 0x00000000c8400000|  0%| F|  |TAMS 0x00000000c8300000, 0x00000000c8300000| Untracked 
|  86|0x00000000c8400000, 0x00000000c8400000, 0x00000000c8500000|  0%| F|  |TAMS 0x00000000c8400000, 0x00000000c8400000| Untracked 
|  87|0x00000000c8500000, 0x00000000c8500000, 0x00000000c8600000|  0%| F|  |TAMS 0x00000000c8500000, 0x00000000c8500000| Untracked 
|  88|0x00000000c8600000, 0x00000000c8600000, 0x00000000c8700000|  0%| F|  |TAMS 0x00000000c8600000, 0x00000000c8600000| Untracked 
|  89|0x00000000c8700000, 0x00000000c8700000, 0x00000000c8800000|  0%| F|  |TAMS 0x00000000c8700000, 0x00000000c8700000| Untracked 
|  90|0x00000000c8800000, 0x00000000c8800000, 0x00000000c8900000|  0%| F|  |TAMS 0x00000000c8800000, 0x00000000c8800000| Untracked 
|  91|0x00000000c8900000, 0x00000000c8a00000, 0x00000000c8a00000|100%| E|CS|TAMS 0x00000000c8900000, 0x00000000c8900000| Complete 
|  92|0x00000000c8a00000, 0x00000000c8b00000, 0x00000000c8b00000|100%| E|CS|TAMS 0x00000000c8a00000, 0x00000000c8a00000| Complete 
|  93|0x00000000c8b00000, 0x00000000c8b00000, 0x00000000c8c00000|  0%| F|  |TAMS 0x00000000c8b00000, 0x00000000c8b00000| Untracked 
|  94|0x00000000c8c00000, 0x00000000c8c00000, 0x00000000c8d00000|  0%| F|  |TAMS 0x00000000c8c00000, 0x00000000c8c00000| Untracked 
|  95|0x00000000c8d00000, 0x00000000c8d00000, 0x00000000c8e00000|  0%| F|  |TAMS 0x00000000c8d00000, 0x00000000c8d00000| Untracked 
|  96|0x00000000c8e00000, 0x00000000c8e00000, 0x00000000c8f00000|  0%| F|  |TAMS 0x00000000c8e00000, 0x00000000c8e00000| Untracked 
|  97|0x00000000c8f00000, 0x00000000c8f00000, 0x00000000c9000000|  0%| F|  |TAMS 0x00000000c8f00000, 0x00000000c8f00000| Untracked 
|  98|0x00000000c9000000, 0x00000000c9100000, 0x00000000c9100000|100%| E|CS|TAMS 0x00000000c9000000, 0x00000000c9000000| Complete 
|  99|0x00000000c9100000, 0x00000000c9200000, 0x00000000c9200000|100%| E|CS|TAMS 0x00000000c9100000, 0x00000000c9100000| Complete 
| 100|0x00000000c9200000, 0x00000000c9300000, 0x00000000c9300000|100%| E|CS|TAMS 0x00000000c9200000, 0x00000000c9200000| Complete 
| 101|0x00000000c9300000, 0x00000000c9300000, 0x00000000c9400000|  0%| F|  |TAMS 0x00000000c9300000, 0x00000000c9300000| Untracked 
| 102|0x00000000c9400000, 0x00000000c9400000, 0x00000000c9500000|  0%| F|  |TAMS 0x00000000c9400000, 0x00000000c9400000| Untracked 
| 103|0x00000000c9500000, 0x00000000c9600000, 0x00000000c9600000|100%| E|CS|TAMS 0x00000000c9500000, 0x00000000c9500000| Complete 
| 104|0x00000000c9600000, 0x00000000c9600000, 0x00000000c9700000|  0%| F|  |TAMS 0x00000000c9600000, 0x00000000c9600000| Untracked 
| 105|0x00000000c9700000, 0x00000000c9700000, 0x00000000c9800000|  0%| F|  |TAMS 0x00000000c9700000, 0x00000000c9700000| Untracked 
| 106|0x00000000c9800000, 0x00000000c9800000, 0x00000000c9900000|  0%| F|  |TAMS 0x00000000c9800000, 0x00000000c9800000| Untracked 
| 107|0x00000000c9900000, 0x00000000c9900000, 0x00000000c9a00000|  0%| F|  |TAMS 0x00000000c9900000, 0x00000000c9900000| Untracked 
| 108|0x00000000c9a00000, 0x00000000c9a00000, 0x00000000c9b00000|  0%| F|  |TAMS 0x00000000c9a00000, 0x00000000c9a00000| Untracked 
| 109|0x00000000c9b00000, 0x00000000c9b00000, 0x00000000c9c00000|  0%| F|  |TAMS 0x00000000c9b00000, 0x00000000c9b00000| Untracked 
| 110|0x00000000c9c00000, 0x00000000c9c00000, 0x00000000c9d00000|  0%| F|  |TAMS 0x00000000c9c00000, 0x00000000c9c00000| Untracked 
| 111|0x00000000c9d00000, 0x00000000c9d00000, 0x00000000c9e00000|  0%| F|  |TAMS 0x00000000c9d00000, 0x00000000c9d00000| Untracked 
| 112|0x00000000c9e00000, 0x00000000c9e00000, 0x00000000c9f00000|  0%| F|  |TAMS 0x00000000c9e00000, 0x00000000c9e00000| Untracked 
| 113|0x00000000c9f00000, 0x00000000c9f00000, 0x00000000ca000000|  0%| F|  |TAMS 0x00000000c9f00000, 0x00000000c9f00000| Untracked 
| 114|0x00000000ca000000, 0x00000000ca000000, 0x00000000ca100000|  0%| F|  |TAMS 0x00000000ca000000, 0x00000000ca000000| Untracked 
| 115|0x00000000ca100000, 0x00000000ca100000, 0x00000000ca200000|  0%| F|  |TAMS 0x00000000ca100000, 0x00000000ca100000| Untracked 
| 116|0x00000000ca200000, 0x00000000ca200000, 0x00000000ca300000|  0%| F|  |TAMS 0x00000000ca200000, 0x00000000ca200000| Untracked 
| 117|0x00000000ca300000, 0x00000000ca300000, 0x00000000ca400000|  0%| F|  |TAMS 0x00000000ca300000, 0x00000000ca300000| Untracked 
| 118|0x00000000ca400000, 0x00000000ca400000, 0x00000000ca500000|  0%| F|  |TAMS 0x00000000ca400000, 0x00000000ca400000| Untracked 
| 119|0x00000000ca500000, 0x00000000ca500000, 0x00000000ca600000|  0%| F|  |TAMS 0x00000000ca500000, 0x00000000ca500000| Untracked 
| 120|0x00000000ca600000, 0x00000000ca600000, 0x00000000ca700000|  0%| F|  |TAMS 0x00000000ca600000, 0x00000000ca600000| Untracked 
| 121|0x00000000ca700000, 0x00000000ca700000, 0x00000000ca800000|  0%| F|  |TAMS 0x00000000ca700000, 0x00000000ca700000| Untracked 
| 122|0x00000000ca800000, 0x00000000ca800000, 0x00000000ca900000|  0%| F|  |TAMS 0x00000000ca800000, 0x00000000ca800000| Untracked 
| 123|0x00000000ca900000, 0x00000000ca900000, 0x00000000caa00000|  0%| F|  |TAMS 0x00000000ca900000, 0x00000000ca900000| Untracked 
| 124|0x00000000caa00000, 0x00000000caa80000, 0x00000000cab00000| 50%| S|  |TAMS 0x00000000caa00000, 0x00000000caa00000| Complete 
| 125|0x00000000cab00000, 0x00000000cac00000, 0x00000000cac00000|100%| S|  |TAMS 0x00000000cab00000, 0x00000000cab00000| Complete 
| 126|0x00000000cac00000, 0x00000000cad00000, 0x00000000cad00000|100%| S|  |TAMS 0x00000000cac00000, 0x00000000cac00000| Complete 
| 127|0x00000000cad00000, 0x00000000cae00000, 0x00000000cae00000|100%| S|  |TAMS 0x00000000cad00000, 0x00000000cad00000| Complete 
| 128|0x00000000cae00000, 0x00000000caf00000, 0x00000000caf00000|100%| E|CS|TAMS 0x00000000cae00000, 0x00000000cae00000| Complete 
| 129|0x00000000caf00000, 0x00000000cb000000, 0x00000000cb000000|100%| E|CS|TAMS 0x00000000caf00000, 0x00000000caf00000| Complete 
| 130|0x00000000cb000000, 0x00000000cb100000, 0x00000000cb100000|100%| E|CS|TAMS 0x00000000cb000000, 0x00000000cb000000| Complete 
| 131|0x00000000cb100000, 0x00000000cb200000, 0x00000000cb200000|100%| E|CS|TAMS 0x00000000cb100000, 0x00000000cb100000| Complete 
| 132|0x00000000cb200000, 0x00000000cb300000, 0x00000000cb300000|100%| E|CS|TAMS 0x00000000cb200000, 0x00000000cb200000| Complete 
| 133|0x00000000cb300000, 0x00000000cb400000, 0x00000000cb400000|100%| E|CS|TAMS 0x00000000cb300000, 0x00000000cb300000| Complete 
| 134|0x00000000cb400000, 0x00000000cb500000, 0x00000000cb500000|100%| E|CS|TAMS 0x00000000cb400000, 0x00000000cb400000| Complete 
| 135|0x00000000cb500000, 0x00000000cb600000, 0x00000000cb600000|100%| E|CS|TAMS 0x00000000cb500000, 0x00000000cb500000| Complete 
| 136|0x00000000cb600000, 0x00000000cb700000, 0x00000000cb700000|100%| E|CS|TAMS 0x00000000cb600000, 0x00000000cb600000| Complete 
| 137|0x00000000cb700000, 0x00000000cb800000, 0x00000000cb800000|100%| E|CS|TAMS 0x00000000cb700000, 0x00000000cb700000| Complete 
| 138|0x00000000cb800000, 0x00000000cb900000, 0x00000000cb900000|100%| E|CS|TAMS 0x00000000cb800000, 0x00000000cb800000| Complete 
| 139|0x00000000cb900000, 0x00000000cba00000, 0x00000000cba00000|100%| E|CS|TAMS 0x00000000cb900000, 0x00000000cb900000| Complete 
| 140|0x00000000cba00000, 0x00000000cbb00000, 0x00000000cbb00000|100%| E|CS|TAMS 0x00000000cba00000, 0x00000000cba00000| Complete 
| 141|0x00000000cbb00000, 0x00000000cbc00000, 0x00000000cbc00000|100%| E|CS|TAMS 0x00000000cbb00000, 0x00000000cbb00000| Complete 
| 142|0x00000000cbc00000, 0x00000000cbd00000, 0x00000000cbd00000|100%| E|CS|TAMS 0x00000000cbc00000, 0x00000000cbc00000| Complete 
| 143|0x00000000cbd00000, 0x00000000cbe00000, 0x00000000cbe00000|100%| E|CS|TAMS 0x00000000cbd00000, 0x00000000cbd00000| Complete 
| 144|0x00000000cbe00000, 0x00000000cbf00000, 0x00000000cbf00000|100%| E|CS|TAMS 0x00000000cbe00000, 0x00000000cbe00000| Complete 
| 145|0x00000000cbf00000, 0x00000000cc000000, 0x00000000cc000000|100%| E|CS|TAMS 0x00000000cbf00000, 0x00000000cbf00000| Complete 
| 146|0x00000000cc000000, 0x00000000cc100000, 0x00000000cc100000|100%| E|CS|TAMS 0x00000000cc000000, 0x00000000cc000000| Complete 
| 147|0x00000000cc100000, 0x00000000cc200000, 0x00000000cc200000|100%| E|CS|TAMS 0x00000000cc100000, 0x00000000cc100000| Complete 
| 148|0x00000000cc200000, 0x00000000cc300000, 0x00000000cc300000|100%| E|CS|TAMS 0x00000000cc200000, 0x00000000cc200000| Complete 
| 149|0x00000000cc300000, 0x00000000cc400000, 0x00000000cc400000|100%| E|CS|TAMS 0x00000000cc300000, 0x00000000cc300000| Complete 
| 150|0x00000000cc400000, 0x00000000cc500000, 0x00000000cc500000|100%| E|CS|TAMS 0x00000000cc400000, 0x00000000cc400000| Complete 
| 151|0x00000000cc500000, 0x00000000cc600000, 0x00000000cc600000|100%| E|CS|TAMS 0x00000000cc500000, 0x00000000cc500000| Complete 
| 152|0x00000000cc600000, 0x00000000cc700000, 0x00000000cc700000|100%| E|CS|TAMS 0x00000000cc600000, 0x00000000cc600000| Complete 
| 153|0x00000000cc700000, 0x00000000cc800000, 0x00000000cc800000|100%| E|CS|TAMS 0x00000000cc700000, 0x00000000cc700000| Complete 
| 154|0x00000000cc800000, 0x00000000cc900000, 0x00000000cc900000|100%| E|CS|TAMS 0x00000000cc800000, 0x00000000cc800000| Complete 
| 155|0x00000000cc900000, 0x00000000cca00000, 0x00000000cca00000|100%| E|CS|TAMS 0x00000000cc900000, 0x00000000cc900000| Complete 
| 156|0x00000000cca00000, 0x00000000ccb00000, 0x00000000ccb00000|100%| E|CS|TAMS 0x00000000cca00000, 0x00000000cca00000| Complete 
| 157|0x00000000ccb00000, 0x00000000ccc00000, 0x00000000ccc00000|100%| E|CS|TAMS 0x00000000ccb00000, 0x00000000ccb00000| Complete 
| 158|0x00000000ccc00000, 0x00000000ccd00000, 0x00000000ccd00000|100%| E|CS|TAMS 0x00000000ccc00000, 0x00000000ccc00000| Complete 
| 159|0x00000000ccd00000, 0x00000000cce00000, 0x00000000cce00000|100%| E|CS|TAMS 0x00000000ccd00000, 0x00000000ccd00000| Complete 
| 160|0x00000000cce00000, 0x00000000ccf00000, 0x00000000ccf00000|100%| E|CS|TAMS 0x00000000cce00000, 0x00000000cce00000| Complete 
| 161|0x00000000ccf00000, 0x00000000cd000000, 0x00000000cd000000|100%| E|CS|TAMS 0x00000000ccf00000, 0x00000000ccf00000| Complete 
| 162|0x00000000cd000000, 0x00000000cd100000, 0x00000000cd100000|100%| E|CS|TAMS 0x00000000cd000000, 0x00000000cd000000| Complete 
| 163|0x00000000cd100000, 0x00000000cd200000, 0x00000000cd200000|100%| E|CS|TAMS 0x00000000cd100000, 0x00000000cd100000| Complete 
| 164|0x00000000cd200000, 0x00000000cd300000, 0x00000000cd300000|100%| E|CS|TAMS 0x00000000cd200000, 0x00000000cd200000| Complete 
| 165|0x00000000cd300000, 0x00000000cd400000, 0x00000000cd400000|100%| E|CS|TAMS 0x00000000cd300000, 0x00000000cd300000| Complete 
| 166|0x00000000cd400000, 0x00000000cd500000, 0x00000000cd500000|100%| E|CS|TAMS 0x00000000cd400000, 0x00000000cd400000| Complete 
| 167|0x00000000cd500000, 0x00000000cd600000, 0x00000000cd600000|100%| E|CS|TAMS 0x00000000cd500000, 0x00000000cd500000| Complete 
| 168|0x00000000cd600000, 0x00000000cd700000, 0x00000000cd700000|100%| E|CS|TAMS 0x00000000cd600000, 0x00000000cd600000| Complete 
| 169|0x00000000cd700000, 0x00000000cd800000, 0x00000000cd800000|100%| E|CS|TAMS 0x00000000cd700000, 0x00000000cd700000| Complete 
| 170|0x00000000cd800000, 0x00000000cd900000, 0x00000000cd900000|100%| E|CS|TAMS 0x00000000cd800000, 0x00000000cd800000| Complete 
| 171|0x00000000cd900000, 0x00000000cda00000, 0x00000000cda00000|100%| E|CS|TAMS 0x00000000cd900000, 0x00000000cd900000| Complete 
| 172|0x00000000cda00000, 0x00000000cdb00000, 0x00000000cdb00000|100%| E|CS|TAMS 0x00000000cda00000, 0x00000000cda00000| Complete 
| 173|0x00000000cdb00000, 0x00000000cdc00000, 0x00000000cdc00000|100%| E|CS|TAMS 0x00000000cdb00000, 0x00000000cdb00000| Complete 
| 174|0x00000000cdc00000, 0x00000000cdd00000, 0x00000000cdd00000|100%| E|CS|TAMS 0x00000000cdc00000, 0x00000000cdc00000| Complete 
| 175|0x00000000cdd00000, 0x00000000cde00000, 0x00000000cde00000|100%| E|CS|TAMS 0x00000000cdd00000, 0x00000000cdd00000| Complete 
| 176|0x00000000cde00000, 0x00000000cdf00000, 0x00000000cdf00000|100%| E|CS|TAMS 0x00000000cde00000, 0x00000000cde00000| Complete 
| 177|0x00000000cdf00000, 0x00000000ce000000, 0x00000000ce000000|100%| E|CS|TAMS 0x00000000cdf00000, 0x00000000cdf00000| Complete 
| 178|0x00000000ce000000, 0x00000000ce100000, 0x00000000ce100000|100%| E|CS|TAMS 0x00000000ce000000, 0x00000000ce000000| Complete 
| 179|0x00000000ce100000, 0x00000000ce200000, 0x00000000ce200000|100%| E|CS|TAMS 0x00000000ce100000, 0x00000000ce100000| Complete 
| 180|0x00000000ce200000, 0x00000000ce300000, 0x00000000ce300000|100%| E|CS|TAMS 0x00000000ce200000, 0x00000000ce200000| Complete 
| 181|0x00000000ce300000, 0x00000000ce400000, 0x00000000ce400000|100%| E|CS|TAMS 0x00000000ce300000, 0x00000000ce300000| Complete 
| 182|0x00000000ce400000, 0x00000000ce500000, 0x00000000ce500000|100%| E|CS|TAMS 0x00000000ce400000, 0x00000000ce400000| Complete 
| 183|0x00000000ce500000, 0x00000000ce600000, 0x00000000ce600000|100%| E|CS|TAMS 0x00000000ce500000, 0x00000000ce500000| Complete 
| 184|0x00000000ce600000, 0x00000000ce700000, 0x00000000ce700000|100%| E|CS|TAMS 0x00000000ce600000, 0x00000000ce600000| Complete 
| 185|0x00000000ce700000, 0x00000000ce800000, 0x00000000ce800000|100%| E|CS|TAMS 0x00000000ce700000, 0x00000000ce700000| Complete 
| 186|0x00000000ce800000, 0x00000000ce900000, 0x00000000ce900000|100%| E|CS|TAMS 0x00000000ce800000, 0x00000000ce800000| Complete 
| 187|0x00000000ce900000, 0x00000000cea00000, 0x00000000cea00000|100%| E|CS|TAMS 0x00000000ce900000, 0x00000000ce900000| Complete 
| 188|0x00000000cea00000, 0x00000000ceb00000, 0x00000000ceb00000|100%| E|CS|TAMS 0x00000000cea00000, 0x00000000cea00000| Complete 
| 189|0x00000000ceb00000, 0x00000000cec00000, 0x00000000cec00000|100%| E|CS|TAMS 0x00000000ceb00000, 0x00000000ceb00000| Complete 
| 190|0x00000000cec00000, 0x00000000ced00000, 0x00000000ced00000|100%| E|CS|TAMS 0x00000000cec00000, 0x00000000cec00000| Complete 
| 191|0x00000000ced00000, 0x00000000cee00000, 0x00000000cee00000|100%| E|CS|TAMS 0x00000000ced00000, 0x00000000ced00000| Complete 
| 192|0x00000000cee00000, 0x00000000cef00000, 0x00000000cef00000|100%| E|CS|TAMS 0x00000000cee00000, 0x00000000cee00000| Complete 
| 193|0x00000000cef00000, 0x00000000cf000000, 0x00000000cf000000|100%| E|CS|TAMS 0x00000000cef00000, 0x00000000cef00000| Complete 
| 194|0x00000000cf000000, 0x00000000cf100000, 0x00000000cf100000|100%| E|CS|TAMS 0x00000000cf000000, 0x00000000cf000000| Complete 

Card table byte_map: [0x00007fa298417000,0x00007fa298600000] _byte_map_base: 0x00007fa297e00000

Marking Bits (Prev, Next): (CMBitMap*) 0x00007fa294057c78, (CMBitMap*) 0x00007fa294057cb0
 Prev Bits: [0x00007fa2770b8000, 0x00007fa278000000)
 Next Bits: [0x00007fa276170000, 0x00007fa2770b8000)

Polling page: 0x00007fa29b6cc000

Metaspace:

Usage:
  Non-class:     51,42 MB capacity,    50,36 MB ( 98%) used,   930,04 KB (  2%) free+waste,   150,31 KB ( <1%) overhead. 
      Class:      6,79 MB capacity,     6,07 MB ( 90%) used,   663,66 KB ( 10%) free+waste,    64,94 KB ( <1%) overhead. 
       Both:     58,20 MB capacity,    56,43 MB ( 97%) used,     1,56 MB (  3%) free+waste,   215,25 KB ( <1%) overhead. 

Virtual space:
  Non-class space:       52,00 MB reserved,      51,58 MB (>99%) committed 
      Class space:        1,00 GB reserved,       6,85 MB ( <1%) committed 
             Both:        1,05 GB reserved,      58,43 MB (  5%) committed 

Chunk freelists:
   Non-Class:  39,00 KB
       Class:  0 bytes
        Both:  39,00 KB

MaxMetaspaceSize: unlimited
CompressedClassSpaceSize: 1,00 GB
Initial GC threshold: 20,80 MB
Current GC threshold: 86,13 MB
CDS: off

CodeHeap 'non-profiled nmethods': size=120036Kb used=4173Kb max_used=4173Kb free=115862Kb
 bounds [0x00007fa2840c7000, 0x00007fa2844e7000, 0x00007fa28b600000]
CodeHeap 'profiled nmethods': size=120032Kb used=25055Kb max_used=25055Kb free=94976Kb
 bounds [0x00007fa27cb8f000, 0x00007fa27e40f000, 0x00007fa2840c7000]
CodeHeap 'non-nmethods': size=5692Kb used=1263Kb max_used=1309Kb free=4428Kb
 bounds [0x00007fa27c600000, 0x00007fa27c870000, 0x00007fa27cb8f000]
 total_blobs=11744 nmethods=11189 adapters=469
 compilation: enabled
              stopped_count=0, restarted_count=0
 full_count=0

Compilation events (20 events):
Event: 25,534 Thread 0x00007fa294189000 11367       3       org.antlr.v4.runtime.BufferedTokenStream::fetch (89 bytes)
Event: 25,534 Thread 0x00007fa294189000 nmethod 11367 0x00007fa27e3efd90 code [0x00007fa27e3effa0, 0x00007fa27e3f0780]
Event: 25,539 Thread 0x00007fa294189000 11368       2       org.antlr.v4.runtime.atn.ParserATNSimulator::reportAmbiguity (34 bytes)
Event: 25,539 Thread 0x00007fa294189000 nmethod 11368 0x00007fa27e3f0a10 code [0x00007fa27e3f0be0, 0x00007fa27e3f0ed0]
Event: 25,539 Thread 0x00007fa294189000 11369       2       org.antlr.v4.runtime.BaseErrorListener::reportAmbiguity (1 bytes)
Event: 25,540 Thread 0x00007fa294189000 nmethod 11369 0x00007fa27e3f1090 code [0x00007fa27e3f1240, 0x00007fa27e3f1330]
Event: 25,547 Thread 0x00007fa294189000 11370       2       com.puppycrawl.tools.checkstyle.checks.blocks.RightCurlyCheck::shouldHaveLineBreakBefore (37 bytes)
Event: 25,547 Thread 0x00007fa294189000 nmethod 11370 0x00007fa27e3f1410 code [0x00007fa27e3f1600, 0x00007fa27e3f1950]
Event: 25,547 Thread 0x00007fa294189000 11371       2       com.puppycrawl.tools.checkstyle.checks.blocks.RightCurlyCheck::shouldBeOnSameLine (34 bytes)
Event: 25,548 Thread 0x00007fa294189000 nmethod 11371 0x00007fa27e3f1c10 code [0x00007fa27e3f1de0, 0x00007fa27e3f1fd0]
Event: 25,548 Thread 0x00007fa294189000 11372       2       com.puppycrawl.tools.checkstyle.checks.blocks.RightCurlyCheck::shouldBeAloneOnLine (43 bytes)
Event: 25,548 Thread 0x00007fa294189000 nmethod 11372 0x00007fa27e3f2190 code [0x00007fa27e3f2360, 0x00007fa27e3f2580]
Event: 25,550 Thread 0x00007fa294189000 11373       2       sun.nio.ch.ChannelInputStream::available (54 bytes)
Event: 25,551 Thread 0x00007fa294189000 nmethod 11373 0x00007fa27e3f2690 code [0x00007fa27e3f2860, 0x00007fa27e3f2ad0]
Event: 25,551 Thread 0x00007fa294189000 11374   !   2       sun.nio.ch.FileChannelImpl::position (273 bytes)
Event: 25,552 Thread 0x00007fa294189000 nmethod 11374 0x00007fa27e3f2c10 code [0x00007fa27e3f2e60, 0x00007fa27e3f3680]
Event: 25,556 Thread 0x00007fa294189000 11375       2       java.util.regex.Pattern$Loop::match (196 bytes)
Event: 25,557 Thread 0x00007fa294189000 nmethod 11375 0x00007fa27e3f3d10 code [0x00007fa27e3f3f40, 0x00007fa27e3f43b0]
Event: 25,572 Thread 0x00007fa294189000 11377       3       org.antlr.v4.runtime.atn.PredictionMode::getSingleViableAlt (66 bytes)
Event: 25,573 Thread 0x00007fa294189000 nmethod 11377 0x00007fa27e3f4710 code [0x00007fa27e3f4980, 0x00007fa27e3f5380]

GC Heap History (20 events):
Event: 19,017 GC heap before
{Heap before GC invocations=25 (full 0):
 garbage-first heap   total 138240K, used 123245K [0x00000000c2e00000, 0x0000000100000000)
  region size 1024K, 48 young (49152K), 6 survivors (6144K)
 Metaspace       used 52713K, capacity 54309K, committed 54452K, reserved 1097728K
  class space    used 5775K, capacity 6407K, committed 6500K, reserved 1048576K
}
Event: 19,035 GC heap after
{Heap after GC invocations=26 (full 0):
 garbage-first heap   total 138240K, used 50907K [0x00000000c2e00000, 0x0000000100000000)
  region size 1024K, 4 young (4096K), 4 survivors (4096K)
 Metaspace       used 52713K, capacity 54309K, committed 54452K, reserved 1097728K
  class space    used 5775K, capacity 6407K, committed 6500K, reserved 1048576K
}
Event: 19,262 GC heap before
{Heap before GC invocations=26 (full 0):
 garbage-first heap   total 138240K, used 52955K [0x00000000c2e00000, 0x0000000100000000)
  region size 1024K, 6 young (6144K), 4 survivors (4096K)
 Metaspace       used 52745K, capacity 54327K, committed 54452K, reserved 1097728K
  class space    used 5780K, capacity 6413K, committed 6500K, reserved 1048576K
}
Event: 19,279 GC heap after
{Heap after GC invocations=27 (full 0):
 garbage-first heap   total 138240K, used 45064K [0x00000000c2e00000, 0x0000000100000000)
  region size 1024K, 1 young (1024K), 1 survivors (1024K)
 Metaspace       used 52745K, capacity 54327K, committed 54452K, reserved 1097728K
  class space    used 5780K, capacity 6413K, committed 6500K, reserved 1048576K
}
Event: 20,921 GC heap before
{Heap before GC invocations=27 (full 0):
 garbage-first heap   total 138240K, used 105480K [0x00000000c2e00000, 0x0000000100000000)
  region size 1024K, 57 young (58368K), 1 survivors (1024K)
 Metaspace       used 53248K, capacity 54941K, committed 55220K, reserved 1097728K
  class space    used 5815K, capacity 6467K, committed 6500K, reserved 1048576K
}
Event: 20,952 GC heap after
{Heap after GC invocations=28 (full 0):
 garbage-first heap   total 138240K, used 58686K [0x00000000c2e00000, 0x0000000100000000)
  region size 1024K, 8 young (8192K), 8 survivors (8192K)
 Metaspace       used 53248K, capacity 54941K, committed 55220K, reserved 1097728K
  class space    used 5815K, capacity 6467K, committed 6500K, reserved 1048576K
}
Event: 21,535 GC heap before
{Heap before GC invocations=28 (full 0):
 garbage-first heap   total 138240K, used 102718K [0x00000000c2e00000, 0x0000000100000000)
  region size 1024K, 52 young (53248K), 8 survivors (8192K)
 Metaspace       used 54047K, capacity 55818K, committed 55860K, reserved 1099776K
  class space    used 5910K, capacity 6612K, committed 6628K, reserved 1048576K
}
Event: 21,566 GC heap after
{Heap after GC invocations=29 (full 0):
 garbage-first heap   total 165888K, used 63616K [0x00000000c2e00000, 0x0000000100000000)
  region size 1024K, 5 young (5120K), 5 survivors (5120K)
 Metaspace       used 54047K, capacity 55818K, committed 55860K, reserved 1099776K
  class space    used 5910K, capacity 6612K, committed 6628K, reserved 1048576K
}
Event: 22,095 GC heap before
{Heap before GC invocations=29 (full 0):
 garbage-first heap   total 165888K, used 115840K [0x00000000c2e00000, 0x0000000100000000)
  region size 1024K, 57 young (58368K), 5 survivors (5120K)
 Metaspace       used 55187K, capacity 56905K, committed 57012K, reserved 1099776K
  class space    used 6024K, capacity 6713K, committed 6756K, reserved 1048576K
}
Event: 22,116 GC heap after
{Heap after GC invocations=30 (full 0):
 garbage-first heap   total 165888K, used 64873K [0x00000000c2e00000, 0x0000000100000000)
  region size 1024K, 1 young (1024K), 1 survivors (1024K)
 Metaspace       used 55187K, capacity 56905K, committed 57012K, reserved 1099776K
  class space    used 6024K, capacity 6713K, committed 6756K, reserved 1048576K
}
Event: 22,524 GC heap before
{Heap before GC invocations=30 (full 0):
 garbage-first heap   total 165888K, used 120169K [0x00000000c2e00000, 0x0000000100000000)
  region size 1024K, 55 young (56320K), 1 survivors (1024K)
 Metaspace       used 55336K, capacity 57162K, committed 57268K, reserved 1099776K
  class space    used 6030K, capacity 6748K, committed 6756K, reserved 1048576K
}
Event: 22,540 GC heap after
{Heap after GC invocations=31 (full 0):
 garbage-first heap   total 165888K, used 65978K [0x00000000c2e00000, 0x0000000100000000)
  region size 1024K, 2 young (2048K), 2 survivors (2048K)
 Metaspace       used 55336K, capacity 57162K, committed 57268K, reserved 1099776K
  class space    used 6030K, capacity 6748K, committed 6756K, reserved 1048576K
}
Event: 23,491 GC heap before
{Heap before GC invocations=31 (full 0):
 garbage-first heap   total 165888K, used 123322K [0x00000000c2e00000, 0x0000000100000000)
  region size 1024K, 58 young (59392K), 2 survivors (2048K)
 Metaspace       used 55816K, capacity 57584K, committed 57780K, reserved 1099776K
  class space    used 6047K, capacity 6756K, committed 6756K, reserved 1048576K
}
Event: 23,513 GC heap after
{Heap after GC invocations=32 (full 0):
 garbage-first heap   total 165888K, used 66942K [0x00000000c2e00000, 0x0000000100000000)
  region size 1024K, 3 young (3072K), 3 survivors (3072K)
 Metaspace       used 55816K, capacity 57584K, committed 57780K, reserved 1099776K
  class space    used 6047K, capacity 6756K, committed 6756K, reserved 1048576K
}
Event: 24,205 GC heap before
{Heap before GC invocations=32 (full 0):
 garbage-first heap   total 165888K, used 125310K [0x00000000c2e00000, 0x0000000100000000)
  region size 1024K, 60 young (61440K), 3 survivors (3072K)
 Metaspace       used 56165K, capacity 57931K, committed 58164K, reserved 1101824K
  class space    used 6053K, capacity 6762K, committed 6884K, reserved 1048576K
}
Event: 24,232 GC heap after
{Heap after GC invocations=33 (full 0):
 garbage-first heap   total 165888K, used 67072K [0x00000000c2e00000, 0x0000000100000000)
  region size 1024K, 4 young (4096K), 4 survivors (4096K)
 Metaspace       used 56165K, capacity 57931K, committed 58164K, reserved 1101824K
  class space    used 6053K, capacity 6762K, committed 6884K, reserved 1048576K
}
Event: 24,775 GC heap before
{Heap before GC invocations=33 (full 0):
 garbage-first heap   total 165888K, used 126464K [0x00000000c2e00000, 0x0000000100000000)
  region size 1024K, 62 young (63488K), 4 survivors (4096K)
 Metaspace       used 57468K, capacity 59275K, committed 59572K, reserved 1101824K
  class space    used 6207K, capacity 6931K, committed 7012K, reserved 1048576K
}
Event: 24,803 GC heap after
{Heap after GC invocations=34 (full 0):
 garbage-first heap   total 165888K, used 70144K [0x00000000c2e00000, 0x0000000100000000)
  region size 1024K, 7 young (7168K), 7 survivors (7168K)
 Metaspace       used 57468K, capacity 59275K, committed 59572K, reserved 1101824K
  class space    used 6207K, capacity 6931K, committed 7012K, reserved 1048576K
}
Event: 25,265 GC heap before
{Heap before GC invocations=34 (full 0):
 garbage-first heap   total 165888K, used 129536K [0x00000000c2e00000, 0x0000000100000000)
  region size 1024K, 65 young (66560K), 7 survivors (7168K)
 Metaspace       used 57698K, capacity 59523K, committed 59828K, reserved 1101824K
  class space    used 6219K, capacity 6948K, committed 7012K, reserved 1048576K
}
Event: 25,290 GC heap after
{Heap after GC invocations=35 (full 0):
 garbage-first heap   total 199680K, used 71776K [0x00000000c2e00000, 0x0000000100000000)
  region size 1024K, 6 young (6144K), 6 survivors (6144K)
 Metaspace       used 57698K, capacity 59523K, committed 59828K, reserved 1101824K
  class space    used 6219K, capacity 6948K, committed 7012K, reserved 1048576K
}

Deoptimization events (20 events):
Event: 25,525 Thread 0x00007fa294028800 DEOPT PACKING pc=0x00007fa27de07f2b sp=0x00007fa2999fcb00
Event: 25,525 Thread 0x00007fa294028800 DEOPT UNPACKING pc=0x00007fa27c64a62b sp=0x00007fa2999fbfb0 mode 0
Event: 25,526 Thread 0x00007fa294028800 DEOPT PACKING pc=0x00007fa27de07f2b sp=0x00007fa2999fcb90
Event: 25,526 Thread 0x00007fa294028800 DEOPT UNPACKING pc=0x00007fa27c64a62b sp=0x00007fa2999fc040 mode 0
Event: 25,526 Thread 0x00007fa294028800 DEOPT PACKING pc=0x00007fa27de07f2b sp=0x00007fa2999fcb00
Event: 25,526 Thread 0x00007fa294028800 DEOPT UNPACKING pc=0x00007fa27c64a62b sp=0x00007fa2999fbfb0 mode 0
Event: 25,527 Thread 0x00007fa294028800 DEOPT PACKING pc=0x00007fa27de07f2b sp=0x00007fa2999fcba0
Event: 25,527 Thread 0x00007fa294028800 DEOPT UNPACKING pc=0x00007fa27c64a62b sp=0x00007fa2999fc050 mode 0
Event: 25,534 Thread 0x00007fa294028800 DEOPT PACKING pc=0x00007fa27ddbd80c sp=0x00007fa2999fc100
Event: 25,534 Thread 0x00007fa294028800 DEOPT UNPACKING pc=0x00007fa27c64a62b sp=0x00007fa2999fb5d8 mode 0
Event: 25,544 Thread 0x00007fa294028800 DEOPT PACKING pc=0x00007fa27de07f2b sp=0x00007fa2999fcb90
Event: 25,544 Thread 0x00007fa294028800 DEOPT UNPACKING pc=0x00007fa27c64a62b sp=0x00007fa2999fc040 mode 0
Event: 25,546 Thread 0x00007fa294028800 DEOPT PACKING pc=0x00007fa27de07f2b sp=0x00007fa2999fcb90
Event: 25,546 Thread 0x00007fa294028800 DEOPT UNPACKING pc=0x00007fa27c64a62b sp=0x00007fa2999fc040 mode 0
Event: 25,549 Thread 0x00007fa294028800 DEOPT PACKING pc=0x00007fa27de07f2b sp=0x00007fa2999fcb90
Event: 25,549 Thread 0x00007fa294028800 DEOPT UNPACKING pc=0x00007fa27c64a62b sp=0x00007fa2999fc040 mode 0
Event: 25,557 Thread 0x00007fa294028800 DEOPT PACKING pc=0x00007fa27de07f2b sp=0x00007fa2999fcb90
Event: 25,557 Thread 0x00007fa294028800 DEOPT UNPACKING pc=0x00007fa27c64a62b sp=0x00007fa2999fc040 mode 0
Event: 25,573 Thread 0x00007fa294028800 DEOPT PACKING pc=0x00007fa27de6a055 sp=0x00007fa2999fb590
Event: 25,573 Thread 0x00007fa294028800 DEOPT UNPACKING pc=0x00007fa27c64a62b sp=0x00007fa2999faa20 mode 0

Classes redefined (0 events):
No events

Internal exceptions (20 events):
Event: 18,551 Thread 0x00007fa294028800 Implicit null exception at 0x00007fa28434645b to 0x00007fa28434679f
Event: 21,285 Thread 0x00007fa294028800 Exception <a 'sun/nio/fs/UnixException'{0x00000000c9c9cb48}> (0x00000000c9c9cb48) thrown at [./src/hotspot/share/prims/jni.cpp, line 617]
Event: 23,057 Thread 0x00007fa294028800 Exception <a 'sun/nio/fs/UnixException'{0x00000000ca7fc190}> (0x00000000ca7fc190) thrown at [./src/hotspot/share/prims/jni.cpp, line 617]
Event: 23,057 Thread 0x00007fa294028800 Exception <a 'sun/nio/fs/UnixException'{0x00000000ca7fc890}> (0x00000000ca7fc890) thrown at [./src/hotspot/share/prims/jni.cpp, line 617]
Event: 23,058 Thread 0x00007fa294028800 Exception <a 'sun/nio/fs/UnixException'{0x00000000ca7fcf88}> (0x00000000ca7fcf88) thrown at [./src/hotspot/share/prims/jni.cpp, line 617]
Event: 23,058 Thread 0x00007fa294028800 Exception <a 'sun/nio/fs/UnixException'{0x00000000ca7fd670}> (0x00000000ca7fd670) thrown at [./src/hotspot/share/prims/jni.cpp, line 617]
Event: 23,058 Thread 0x00007fa294028800 Exception <a 'sun/nio/fs/UnixException'{0x00000000ca7fdd40}> (0x00000000ca7fdd40) thrown at [./src/hotspot/share/prims/jni.cpp, line 617]
Event: 23,091 Thread 0x00007fa294028800 Exception <a 'sun/nio/fs/UnixException'{0x00000000ca5a2ca8}> (0x00000000ca5a2ca8) thrown at [./src/hotspot/share/prims/jni.cpp, line 617]
Event: 23,091 Thread 0x00007fa294028800 Exception <a 'sun/nio/fs/UnixException'{0x00000000ca5a33b8}> (0x00000000ca5a33b8) thrown at [./src/hotspot/share/prims/jni.cpp, line 617]
Event: 23,199 Thread 0x00007fa294028800 Exception <a 'sun/nio/fs/UnixException'{0x00000000ca380578}> (0x00000000ca380578) thrown at [./src/hotspot/share/prims/jni.cpp, line 617]
Event: 23,199 Thread 0x00007fa294028800 Exception <a 'sun/nio/fs/UnixException'{0x00000000ca380eb8}> (0x00000000ca380eb8) thrown at [./src/hotspot/share/prims/jni.cpp, line 617]
Event: 23,214 Thread 0x00007fa294028800 Exception <a 'sun/nio/fs/UnixException'{0x00000000ca213b78}> (0x00000000ca213b78) thrown at [./src/hotspot/share/prims/jni.cpp, line 617]
Event: 23,214 Thread 0x00007fa294028800 Exception <a 'sun/nio/fs/UnixException'{0x00000000ca214280}> (0x00000000ca214280) thrown at [./src/hotspot/share/prims/jni.cpp, line 617]
Event: 23,220 Thread 0x00007fa294028800 Exception <a 'sun/nio/fs/UnixException'{0x00000000ca251960}> (0x00000000ca251960) thrown at [./src/hotspot/share/prims/jni.cpp, line 617]
Event: 23,221 Thread 0x00007fa294028800 Exception <a 'sun/nio/fs/UnixException'{0x00000000ca252070}> (0x00000000ca252070) thrown at [./src/hotspot/share/prims/jni.cpp, line 617]
Event: 23,326 Thread 0x00007fa294028800 Exception <a 'java/lang/NoSuchMethodError'{0x00000000c9e73578}: 'java.lang.Object java.lang.invoke.DirectMethodHandle$Holder.invokeStatic(java.lang.Object, java.lang.Object, java.lang.Object, java.lang.Object, java.lang.Object, java.lang.Object, java.lang.Object, int)'> (0x00000000c9e73578) thrown at [./src/hotspot/share/interpreter/linkResolver.cpp, line 773]
Event: 23,326 Thread 0x00007fa294028800 Exception <a 'java/lang/NoSuchMethodError'{0x00000000c9e78000}: 'java.lang.Object java.lang.invoke.DirectMethodHandle$Holder.invokeSpecial(java.lang.Object, java.lang.Object, java.lang.Object, java.lang.Object, java.lang.Object, java.lang.Object, java.lang.Object, java.lang.Object, int)'> (0x00000000c9e78000) thrown at [./src/hotspot/share/interpreter/linkResolver.cpp, line 773]
Event: 23,927 Thread 0x00007fa294028800 Exception <a 'java/lang/NoSuchMethodError'{0x00000000cc6f62c0}: 'void com.puppycrawl.tools.checkstyle.Checker.setClassLoader(java.lang.ClassLoader)'> (0x00000000cc6f62c0) thrown at [./src/hotspot/share/interpreter/linkResolver.cpp, line 773]
Event: 25,450 Thread 0x00007fa294028800 Implicit null exception at 0x00007fa2844d2cc3 to 0x00007fa2844d52c4
Event: 25,450 Thread 0x00007fa294028800 Implicit null exception at 0x00007fa2844d2cc3 to 0x00007fa2844d52c4

Events (20 events):
Event: 25,129 loading class com/puppycrawl/tools/checkstyle/DetailAstImpl
Event: 25,129 loading class com/puppycrawl/tools/checkstyle/DetailAstImpl done
Event: 25,129 loading class com/puppycrawl/tools/checkstyle/grammar/java/JavaLanguageParser$SwitchBlockStatementGroupContext
Event: 25,129 loading class com/puppycrawl/tools/checkstyle/grammar/java/JavaLanguageParser$SwitchBlockStatementGroupContext done
Event: 25,129 loading class com/puppycrawl/tools/checkstyle/JavaAstVisitor
Event: 25,129 loading class com/puppycrawl/tools/checkstyle/JavaAstVisitor done
Event: 25,142 loading class com/puppycrawl/tools/checkstyle/api/DetailAST
Event: 25,142 loading class com/puppycrawl/tools/checkstyle/api/DetailAST done
Event: 25,142 loading class com/puppycrawl/tools/checkstyle/api/DetailAST
Event: 25,142 loading class com/puppycrawl/tools/checkstyle/api/DetailAST done
Event: 25,243 loading class java/lang/invoke/BoundMethodHandle$Species_LLLLLLLLLI
Event: 25,243 loading class java/lang/invoke/BoundMethodHandle$Species_LLLLLLLLLI done
Event: 25,245 loading class java/lang/invoke/BoundMethodHandle$Species_LLLLLLLLLII
Event: 25,245 loading class java/lang/invoke/BoundMethodHandle$Species_LLLLLLLLLII done
Event: 25,249 loading class java/lang/invoke/BoundMethodHandle$Species_LLLLLLLLLIIL
Event: 25,249 loading class java/lang/invoke/BoundMethodHandle$Species_LLLLLLLLLIIL done
Event: 25,251 loading class java/lang/invoke/BoundMethodHandle$Species_LLLLLLLLLIILL
Event: 25,251 loading class java/lang/invoke/BoundMethodHandle$Species_LLLLLLLLLIILL done
Event: 25,265 Executing VM operation: G1CollectForAllocation
Event: 25,290 Executing VM operation: G1CollectForAllocation done


Dynamic libraries:
c2e00000-cf100000 rw-p 00000000 00:00 0 
cf100000-100000000 ---p 00000000 00:00 0 
100000000-1006d9000 rw-p 00000000 00:00 0 
1006d9000-140000000 ---p 00000000 00:00 0 
562650e00000-562650e01000 r-xp 00000000 08:03 19562766                   /usr/lib/jvm/java-11-amazon-corretto/bin/java
562651001000-562651002000 r--p 00001000 08:03 19562766                   /usr/lib/jvm/java-11-amazon-corretto/bin/java
562651002000-562651003000 rw-p 00002000 08:03 19562766                   /usr/lib/jvm/java-11-amazon-corretto/bin/java
5626511d4000-562651219000 rw-p 00000000 00:00 0                          [heap]
7fa23a4c0000-7fa23a680000 rw-p 00000000 00:00 0 
7fa23a680000-7fa23a6c0000 ---p 00000000 00:00 0 
7fa23a6c0000-7fa23a880000 rw-p 00000000 00:00 0 
7fa23a880000-7fa23aac0000 rw-p 00000000 00:00 0 
7fa23aac0000-7fa23aac4000 ---p 00000000 00:00 0 
7fa23aac4000-7fa23adc0000 rw-p 00000000 00:00 0 
7fa23ae00000-7fa23b000000 rw-p 00000000 00:00 0 
7fa23b000000-7fa23b004000 ---p 00000000 00:00 0 
7fa23b004000-7fa23b100000 rw-p 00000000 00:00 0 
7fa23b100000-7fa23b104000 ---p 00000000 00:00 0 
7fa23b104000-7fa23b3c0000 rw-p 00000000 00:00 0 
7fa23b3c0000-7fa23b5c0000 rw-p 00000000 00:00 0 
7fa23b5c0000-7fa23b7c0000 rw-p 00000000 00:00 0 
7fa23b7c0000-7fa23b9c0000 rw-p 00000000 00:00 0 
7fa23b9c0000-7fa23bbc0000 rw-p 00000000 00:00 0 
7fa23bbc0000-7fa23bde8000 rw-p 00000000 00:00 0 
7fa23bde8000-7fa23be00000 ---p 00000000 00:00 0 
7fa23be00000-7fa23c000000 rw-p 00000000 00:00 0 
7fa23c000000-7fa23c048000 rw-p 00000000 00:00 0 
7fa23c048000-7fa240000000 ---p 00000000 00:00 0 
7fa240000000-7fa240021000 rw-p 00000000 00:00 0 
7fa240021000-7fa244000000 ---p 00000000 00:00 0 
7fa244000000-7fa245bd3000 rw-p 00000000 00:00 0 
7fa245bd3000-7fa248000000 ---p 00000000 00:00 0 
7fa248000000-7fa248a50000 rw-p 00000000 00:00 0 
7fa248a50000-7fa24c000000 ---p 00000000 00:00 0 
7fa24c000000-7fa24c047000 rw-p 00000000 00:00 0 
7fa24c047000-7fa250000000 ---p 00000000 00:00 0 
7fa250000000-7fa250021000 rw-p 00000000 00:00 0 
7fa250021000-7fa254000000 ---p 00000000 00:00 0 
7fa254000000-7fa254021000 rw-p 00000000 00:00 0 
7fa254021000-7fa258000000 ---p 00000000 00:00 0 
7fa258000000-7fa25804d000 rw-p 00000000 00:00 0 
7fa25804d000-7fa25c000000 ---p 00000000 00:00 0 
7fa25c000000-7fa25c081000 rw-p 00000000 00:00 0 
7fa25c081000-7fa260000000 ---p 00000000 00:00 0 
7fa260000000-7fa260021000 rw-p 00000000 00:00 0 
7fa260021000-7fa264000000 ---p 00000000 00:00 0 
7fa264000000-7fa2641c0000 rw-p 00000000 00:00 0 
7fa2641c0000-7fa2643c0000 rw-p 00000000 00:00 0 
7fa2643c0000-7fa2645c0000 rw-p 00000000 00:00 0 
7fa2645c0000-7fa2647c0000 rw-p 00000000 00:00 0 
7fa2647c0000-7fa2649ec000 rw-p 00000000 00:00 0 
7fa2649ec000-7fa264a00000 ---p 00000000 00:00 0 
7fa264a00000-7fa264bc0000 rw-p 00000000 00:00 0 
7fa264bc0000-7fa264dc0000 rw-p 00000000 00:00 0 
7fa264dc0000-7fa264fc0000 rw-p 00000000 00:00 0 
7fa264fc0000-7fa2651c0000 rw-p 00000000 00:00 0 
7fa2651c0000-7fa265400000 rw-p 00000000 00:00 0 
7fa265400000-7fa265403000 r-xp 00000000 08:03 22675614                   /tmp/jansi-2.4.0-81ee65cd6dc6b658-libjansi.so
7fa265403000-7fa265602000 ---p 00003000 08:03 22675614                   /tmp/jansi-2.4.0-81ee65cd6dc6b658-libjansi.so
7fa265602000-7fa265603000 rw-p 00002000 08:03 22675614                   /tmp/jansi-2.4.0-81ee65cd6dc6b658-libjansi.so
7fa265700000-7fa265704000 ---p 00000000 00:00 0 
7fa265704000-7fa265800000 rw-p 00000000 00:00 0 
7fa265800000-7fa265802000 r-xp 00000000 08:03 19562723                   /usr/lib/jvm/java-11-amazon-corretto/lib/libextnet.so
7fa265802000-7fa265a01000 ---p 00002000 08:03 19562723                   /usr/lib/jvm/java-11-amazon-corretto/lib/libextnet.so
7fa265a01000-7fa265a02000 r--p 00001000 08:03 19562723                   /usr/lib/jvm/java-11-amazon-corretto/lib/libextnet.so
7fa265a02000-7fa265a03000 rw-p 00000000 00:00 0 
7fa265afe000-7fa265aff000 ---p 00000000 00:00 0 
7fa265aff000-7fa265c00000 rw-p 00000000 00:00 0 
7fa265c00000-7fa265c15000 r-xp 00000000 08:03 19562717                   /usr/lib/jvm/java-11-amazon-corretto/lib/libnet.so
7fa265c15000-7fa265e15000 ---p 00015000 08:03 19562717                   /usr/lib/jvm/java-11-amazon-corretto/lib/libnet.so
7fa265e15000-7fa265e16000 r--p 00015000 08:03 19562717                   /usr/lib/jvm/java-11-amazon-corretto/lib/libnet.so
7fa265e16000-7fa265e17000 rw-p 00016000 08:03 19562717                   /usr/lib/jvm/java-11-amazon-corretto/lib/libnet.so
7fa265efe000-7fa265eff000 ---p 00000000 00:00 0 
7fa265eff000-7fa266000000 rw-p 00000000 00:00 0 
7fa266000000-7fa266010000 r-xp 00000000 08:03 19562718                   /usr/lib/jvm/java-11-amazon-corretto/lib/libnio.so
7fa266010000-7fa266210000 ---p 00010000 08:03 19562718                   /usr/lib/jvm/java-11-amazon-corretto/lib/libnio.so
7fa266210000-7fa266211000 r--p 00010000 08:03 19562718                   /usr/lib/jvm/java-11-amazon-corretto/lib/libnio.so
7fa266211000-7fa266212000 rw-p 00011000 08:03 19562718                   /usr/lib/jvm/java-11-amazon-corretto/lib/libnio.so
7fa266300000-7fa266304000 ---p 00000000 00:00 0 
7fa266304000-7fa266400000 rw-p 00000000 00:00 0 
7fa266400000-7fa266404000 ---p 00000000 00:00 0 
7fa266404000-7fa266500000 rw-p 00000000 00:00 0 
7fa266500000-7fa266504000 ---p 00000000 00:00 0 
7fa266504000-7fa266600000 rw-p 00000000 00:00 0 
7fa266600000-7fa266604000 ---p 00000000 00:00 0 
7fa266604000-7fa266700000 rw-p 00000000 00:00 0 
7fa266700000-7fa266704000 ---p 00000000 00:00 0 
7fa266704000-7fa266800000 rw-p 00000000 00:00 0 
7fa266800000-7fa266804000 ---p 00000000 00:00 0 
7fa266804000-7fa266900000 rw-p 00000000 00:00 0 
7fa266900000-7fa266904000 ---p 00000000 00:00 0 
7fa266904000-7fa266a00000 rw-p 00000000 00:00 0 
7fa266a00000-7fa2677e7000 r--p 00000000 08:03 19273208                   /usr/lib/locale/locale-archive
7fa267800000-7fa268000000 rw-p 00000000 00:00 0 
7fa268000000-7fa268041000 rw-p 00000000 00:00 0 
7fa268041000-7fa26c000000 ---p 00000000 00:00 0 
7fa26c000000-7fa26c021000 rw-p 00000000 00:00 0 
7fa26c021000-7fa270000000 ---p 00000000 00:00 0 
7fa270000000-7fa270021000 rw-p 00000000 00:00 0 
7fa270021000-7fa274000000 ---p 00000000 00:00 0 
7fa274070000-7fa274074000 ---p 00000000 00:00 0 
7fa274074000-7fa27647c000 rw-p 00000000 00:00 0 
7fa27647c000-7fa2770b8000 ---p 00000000 00:00 0 
7fa2770b8000-7fa2773c4000 rw-p 00000000 00:00 0 
7fa2773c4000-7fa278000000 ---p 00000000 00:00 0 
7fa278000000-7fa278031000 rw-p 00000000 00:00 0 
7fa278031000-7fa27c000000 ---p 00000000 00:00 0 
7fa27c0f9000-7fa27c0fd000 ---p 00000000 00:00 0 
7fa27c0fd000-7fa27c1f9000 rw-p 00000000 00:00 0 
7fa27c1f9000-7fa27c1fa000 ---p 00000000 00:00 0 
7fa27c1fa000-7fa27c2fb000 rw-p 00000000 00:00 0 
7fa27c2fb000-7fa27c2fc000 ---p 00000000 00:00 0 
7fa27c2fc000-7fa27c3fd000 rw-p 00000000 00:00 0 
7fa27c3fd000-7fa27c3fe000 ---p 00000000 00:00 0 
7fa27c3fe000-7fa27c600000 rw-p 00000000 00:00 0 
7fa27c600000-7fa27c870000 rwxp 00000000 00:00 0 
7fa27c870000-7fa27cb8f000 ---p 00000000 00:00 0 
7fa27cb8f000-7fa27e40f000 rwxp 00000000 00:00 0 
7fa27e40f000-7fa2840c7000 ---p 00000000 00:00 0 
7fa2840c7000-7fa2844e7000 rwxp 00000000 00:00 0 
7fa2844e7000-7fa28b600000 ---p 00000000 00:00 0 
7fa28b600000-7fa293e0f000 r--s 00000000 08:03 19562678                   /usr/lib/jvm/java-11-amazon-corretto/lib/modules
7fa293eff000-7fa294000000 rw-p 00000000 00:00 0 
7fa294000000-7fa2969a8000 rw-p 00000000 00:00 0 
7fa2969a8000-7fa298000000 ---p 00000000 00:00 0 
7fa29802a000-7fa29802b000 ---p 00000000 00:00 0 
7fa29802b000-7fa29812c000 rw-p 00000000 00:00 0 
7fa29812c000-7fa29812d000 ---p 00000000 00:00 0 
7fa29812d000-7fa298290000 rw-p 00000000 00:00 0 
7fa298290000-7fa298417000 ---p 00000000 00:00 0 
7fa298417000-7fa298479000 rw-p 00000000 00:00 0 
7fa298479000-7fa298600000 ---p 00000000 00:00 0 
7fa298600000-7fa298608000 r-xp 00000000 08:03 19562715                   /usr/lib/jvm/java-11-amazon-corretto/lib/libzip.so
7fa298608000-7fa298807000 ---p 00008000 08:03 19562715                   /usr/lib/jvm/java-11-amazon-corretto/lib/libzip.so
7fa298807000-7fa298808000 r--p 00007000 08:03 19562715                   /usr/lib/jvm/java-11-amazon-corretto/lib/libzip.so
7fa298808000-7fa298809000 rw-p 00000000 00:00 0 
7fa298817000-7fa298879000 rw-p 00000000 00:00 0 
7fa298879000-7fa298a00000 ---p 00000000 00:00 0 
7fa298a00000-7fa298a0a000 r-xp 00000000 08:03 19562696                   /usr/lib/jvm/java-11-amazon-corretto/lib/libinstrument.so
7fa298a0a000-7fa298c09000 ---p 0000a000 08:03 19562696                   /usr/lib/jvm/java-11-amazon-corretto/lib/libinstrument.so
7fa298c09000-7fa298c0a000 r--p 00009000 08:03 19562696                   /usr/lib/jvm/java-11-amazon-corretto/lib/libinstrument.so
7fa298c0a000-7fa298c0b000 rw-p 0000a000 08:03 19562696                   /usr/lib/jvm/java-11-amazon-corretto/lib/libinstrument.so
7fa298cff000-7fa298e00000 rw-p 00000000 00:00 0 
7fa298e00000-7fa298e1b000 r-xp 00000000 08:03 19562716                   /usr/lib/jvm/java-11-amazon-corretto/lib/libjimage.so
7fa298e1b000-7fa29901a000 ---p 0001b000 08:03 19562716                   /usr/lib/jvm/java-11-amazon-corretto/lib/libjimage.so
7fa29901a000-7fa29901c000 r--p 0001a000 08:03 19562716                   /usr/lib/jvm/java-11-amazon-corretto/lib/libjimage.so
7fa29901c000-7fa29901d000 rw-p 0001c000 08:03 19562716                   /usr/lib/jvm/java-11-amazon-corretto/lib/libjimage.so
7fa29907e000-7fa299200000 rw-p 00000000 00:00 0 
7fa299200000-7fa29922a000 r-xp 00000000 08:03 19562714                   /usr/lib/jvm/java-11-amazon-corretto/lib/libjava.so
7fa29922a000-7fa299429000 ---p 0002a000 08:03 19562714                   /usr/lib/jvm/java-11-amazon-corretto/lib/libjava.so
7fa299429000-7fa29942a000 r--p 00029000 08:03 19562714                   /usr/lib/jvm/java-11-amazon-corretto/lib/libjava.so
7fa29942a000-7fa29942b000 rw-p 0002a000 08:03 19562714                   /usr/lib/jvm/java-11-amazon-corretto/lib/libjava.so
7fa29942b000-7fa29942c000 rw-p 00000000 00:00 0 
7fa2994a3000-7fa2994fe000 rw-p 00000000 00:00 0 
7fa2994fe000-7fa2994ff000 ---p 00000000 00:00 0 
7fa2994ff000-7fa299600000 rw-p 00000000 00:00 0 
7fa299600000-7fa29960d000 r-xp 00000000 08:03 19562712                   /usr/lib/jvm/java-11-amazon-corretto/lib/libverify.so
7fa29960d000-7fa29980c000 ---p 0000d000 08:03 19562712                   /usr/lib/jvm/java-11-amazon-corretto/lib/libverify.so
7fa29980c000-7fa29980e000 r--p 0000c000 08:03 19562712                   /usr/lib/jvm/java-11-amazon-corretto/lib/libverify.so
7fa29980e000-7fa29980f000 rw-p 00000000 00:00 0 
7fa299815000-7fa29981e000 rw-p 00000000 00:00 0 
7fa29981e000-7fa299900000 ---p 00000000 00:00 0 
7fa299900000-7fa299904000 ---p 00000000 00:00 0 
7fa299904000-7fa299a00000 rw-p 00000000 00:00 0 
7fa299a00000-7fa29ac7e000 r-xp 00000000 08:03 19562706                   /usr/lib/jvm/java-11-amazon-corretto/lib/server/libjvm.so
7fa29ac7e000-7fa29ae7e000 ---p 0127e000 08:03 19562706                   /usr/lib/jvm/java-11-amazon-corretto/lib/server/libjvm.so
7fa29ae7e000-7fa29af43000 r--p 0127e000 08:03 19562706                   /usr/lib/jvm/java-11-amazon-corretto/lib/server/libjvm.so
7fa29af43000-7fa29af7e000 rw-p 01343000 08:03 19562706                   /usr/lib/jvm/java-11-amazon-corretto/lib/server/libjvm.so
7fa29af7e000-7fa29afd6000 rw-p 00000000 00:00 0 
7fa29b000000-7fa29b028000 r--p 00000000 08:03 19274013                   /usr/lib/x86_64-linux-gnu/libc.so.6
7fa29b028000-7fa29b1bd000 r-xp 00028000 08:03 19274013                   /usr/lib/x86_64-linux-gnu/libc.so.6
7fa29b1bd000-7fa29b215000 r--p 001bd000 08:03 19274013                   /usr/lib/x86_64-linux-gnu/libc.so.6
7fa29b215000-7fa29b219000 r--p 00214000 08:03 19274013                   /usr/lib/x86_64-linux-gnu/libc.so.6
7fa29b219000-7fa29b21b000 rw-p 00218000 08:03 19274013                   /usr/lib/x86_64-linux-gnu/libc.so.6
7fa29b21b000-7fa29b228000 rw-p 00000000 00:00 0 
7fa29b22e000-7fa29b25f000 rw-p 00000000 00:00 0 
7fa29b25f000-7fa29b319000 ---p 00000000 00:00 0 
7fa29b319000-7fa29b327000 r--p 00000000 08:03 19274664                   /usr/lib/x86_64-linux-gnu/libm.so.6
7fa29b327000-7fa29b3a3000 r-xp 0000e000 08:03 19274664                   /usr/lib/x86_64-linux-gnu/libm.so.6
7fa29b3a3000-7fa29b3fe000 r--p 0008a000 08:03 19274664                   /usr/lib/x86_64-linux-gnu/libm.so.6
7fa29b3fe000-7fa29b3ff000 r--p 000e4000 08:03 19274664                   /usr/lib/x86_64-linux-gnu/libm.so.6
7fa29b3ff000-7fa29b400000 rw-p 000e5000 08:03 19274664                   /usr/lib/x86_64-linux-gnu/libm.so.6
7fa29b400000-7fa29b410000 r-xp 00000000 08:03 19562711                   /usr/lib/jvm/java-11-amazon-corretto/lib/jli/libjli.so
7fa29b410000-7fa29b60f000 ---p 00010000 08:03 19562711                   /usr/lib/jvm/java-11-amazon-corretto/lib/jli/libjli.so
7fa29b60f000-7fa29b610000 r--p 0000f000 08:03 19562711                   /usr/lib/jvm/java-11-amazon-corretto/lib/jli/libjli.so
7fa29b610000-7fa29b611000 rw-p 00010000 08:03 19562711                   /usr/lib/jvm/java-11-amazon-corretto/lib/jli/libjli.so
7fa29b65f000-7fa29b685000 rw-p 00000000 00:00 0 
7fa29b685000-7fa29b68c000 ---p 00000000 00:00 0 
7fa29b68c000-7fa29b68d000 r--p 00000000 08:03 19274989                   /usr/lib/x86_64-linux-gnu/librt.so.1
7fa29b68d000-7fa29b68e000 r-xp 00001000 08:03 19274989                   /usr/lib/x86_64-linux-gnu/librt.so.1
7fa29b68e000-7fa29b68f000 r--p 00002000 08:03 19274989                   /usr/lib/x86_64-linux-gnu/librt.so.1
7fa29b68f000-7fa29b690000 r--p 00002000 08:03 19274989                   /usr/lib/x86_64-linux-gnu/librt.so.1
7fa29b690000-7fa29b691000 rw-p 00003000 08:03 19274989                   /usr/lib/x86_64-linux-gnu/librt.so.1
7fa29b691000-7fa29b695000 rw-p 00000000 00:00 0 
7fa29b695000-7fa29b696000 r--p 00000000 08:03 19274155                   /usr/lib/x86_64-linux-gnu/libdl.so.2
7fa29b696000-7fa29b697000 r-xp 00001000 08:03 19274155                   /usr/lib/x86_64-linux-gnu/libdl.so.2
7fa29b697000-7fa29b698000 r--p 00002000 08:03 19274155                   /usr/lib/x86_64-linux-gnu/libdl.so.2
7fa29b698000-7fa29b699000 r--p 00002000 08:03 19274155                   /usr/lib/x86_64-linux-gnu/libdl.so.2
7fa29b699000-7fa29b69a000 rw-p 00003000 08:03 19274155                   /usr/lib/x86_64-linux-gnu/libdl.so.2
7fa29b69a000-7fa29b69b000 r--p 00000000 08:03 19274933                   /usr/lib/x86_64-linux-gnu/libpthread.so.0
7fa29b69b000-7fa29b69c000 r-xp 00001000 08:03 19274933                   /usr/lib/x86_64-linux-gnu/libpthread.so.0
7fa29b69c000-7fa29b69d000 r--p 00002000 08:03 19274933                   /usr/lib/x86_64-linux-gnu/libpthread.so.0
7fa29b69d000-7fa29b69e000 r--p 00002000 08:03 19274933                   /usr/lib/x86_64-linux-gnu/libpthread.so.0
7fa29b69e000-7fa29b69f000 rw-p 00003000 08:03 19274933                   /usr/lib/x86_64-linux-gnu/libpthread.so.0
7fa29b69f000-7fa29b6a1000 r--p 00000000 08:03 19275367                   /usr/lib/x86_64-linux-gnu/libz.so.1.2.11
7fa29b6a1000-7fa29b6b2000 r-xp 00002000 08:03 19275367                   /usr/lib/x86_64-linux-gnu/libz.so.1.2.11
7fa29b6b2000-7fa29b6b8000 r--p 00013000 08:03 19275367                   /usr/lib/x86_64-linux-gnu/libz.so.1.2.11
7fa29b6b8000-7fa29b6b9000 ---p 00019000 08:03 19275367                   /usr/lib/x86_64-linux-gnu/libz.so.1.2.11
7fa29b6b9000-7fa29b6ba000 r--p 00019000 08:03 19275367                   /usr/lib/x86_64-linux-gnu/libz.so.1.2.11
7fa29b6ba000-7fa29b6bb000 rw-p 0001a000 08:03 19275367                   /usr/lib/x86_64-linux-gnu/libz.so.1.2.11
7fa29b6bd000-7fa29b6c4000 r--s 00000000 08:03 19541421                   /usr/lib/x86_64-linux-gnu/gconv/gconv-modules.cache
7fa29b6c4000-7fa29b6cc000 rw-s 00000000 08:03 22675607                   /tmp/hsperfdata_iamgroot/31891
7fa29b6cc000-7fa29b6cd000 ---p 00000000 00:00 0 
7fa29b6cd000-7fa29b6ce000 r--p 00000000 00:00 0 
7fa29b6ce000-7fa29b6d0000 rw-p 00000000 00:00 0 
7fa29b6d0000-7fa29b6d2000 r--p 00000000 08:03 19273671                   /usr/lib/x86_64-linux-gnu/ld-linux-x86-64.so.2
7fa29b6d2000-7fa29b6fc000 r-xp 00002000 08:03 19273671                   /usr/lib/x86_64-linux-gnu/ld-linux-x86-64.so.2
7fa29b6fc000-7fa29b707000 r--p 0002c000 08:03 19273671                   /usr/lib/x86_64-linux-gnu/ld-linux-x86-64.so.2
7fa29b708000-7fa29b70a000 r--p 00037000 08:03 19273671                   /usr/lib/x86_64-linux-gnu/ld-linux-x86-64.so.2
7fa29b70a000-7fa29b70c000 rw-p 00039000 08:03 19273671                   /usr/lib/x86_64-linux-gnu/ld-linux-x86-64.so.2
7ffc667f0000-7ffc66811000 rw-p 00000000 00:00 0                          [stack]
7ffc668ba000-7ffc668be000 r--p 00000000 00:00 0                          [vvar]
7ffc668be000-7ffc668c0000 r-xp 00000000 00:00 0                          [vdso]
ffffffffff600000-ffffffffff601000 --xp 00000000 00:00 0                  [vsyscall]


VM Arguments:
jvm_args: -Dmaven.multiModuleProjectDirectory=/home/iamgroot/dev/java-shareit -Djansi.passthrough=true -Dmaven.home=/snap/intellij-idea-ultimate/446/plugins/maven/lib/maven3 -Dclassworlds.conf=/snap/intellij-idea-ultimate/446/plugins/maven/lib/maven3/bin/m2.conf -Dmaven.ext.class.path=/snap/intellij-idea-ultimate/446/plugins/maven/lib/maven-event-listener.jar -javaagent:/snap/intellij-idea-ultimate/446/lib/idea_rt.jar=41309:/snap/intellij-idea-ultimate/446/bin -Dfile.encoding=UTF-8 
java_command: org.codehaus.classworlds.Launcher -Didea.version=2023.2 clean package -P coverage,check
java_class_path (initial): /snap/intellij-idea-ultimate/446/plugins/maven/lib/maven3/boot/plexus-classworlds-2.7.0.jar:/snap/intellij-idea-ultimate/446/plugins/maven/lib/maven3/boot/plexus-classworlds.license
Launcher Type: SUN_STANDARD

[Global flags]
     intx CICompilerCount                          = 2                                         {product} {ergonomic}
     uint ConcGCThreads                            = 1                                         {product} {ergonomic}
     uint G1ConcRefinementThreads                  = 2                                         {product} {ergonomic}
   size_t G1HeapRegionSize                         = 1048576                                   {product} {ergonomic}
    uintx GCDrainStackTargetSize                   = 64                                        {product} {ergonomic}
   size_t InitialHeapSize                          = 65011712                                  {product} {ergonomic}
   size_t MarkStackSize                            = 4194304                                   {product} {ergonomic}
   size_t MaxHeapSize                              = 1025507328                                {product} {ergonomic}
   size_t MaxNewSize                               = 614465536                                 {product} {ergonomic}
   size_t MinHeapDeltaBytes                        = 1048576                                   {product} {ergonomic}
    uintx NonNMethodCodeHeapSize                   = 5825164                                {pd product} {ergonomic}
    uintx NonProfiledCodeHeapSize                  = 122916538                              {pd product} {ergonomic}
    uintx ProfiledCodeHeapSize                     = 122916538                              {pd product} {ergonomic}
    uintx ReservedCodeCacheSize                    = 251658240                              {pd product} {ergonomic}
     bool SegmentedCodeCache                       = true                                      {product} {ergonomic}
     bool UseCompressedClassPointers               = true                                 {lp64_product} {ergonomic}
     bool UseCompressedOops                        = true                                 {lp64_product} {ergonomic}
     bool UseG1GC                                  = true                                      {product} {ergonomic}

Logging:
Log output configuration:
 #0: stdout all=warning uptime,level,tags
 #1: stderr all=off uptime,level,tags

Environment Variables:
PATH=/usr/local/sbin:/usr/local/bin:/usr/sbin:/usr/bin:/sbin:/bin:/usr/games:/usr/local/games:/snap/bin:/snap/bin
USERNAME=iamgroot
SHELL=/bin/bash
DISPLAY=:0
LANG=ru_RU.UTF-8

Signal Handlers:
SIGSEGV: [libjvm.so+0xf4ed10], sa_mask[0]=11111111011111111101111111111110, sa_flags=SA_RESTART|SA_SIGINFO
SIGBUS: [libjvm.so+0xf4ed10], sa_mask[0]=11111111011111111101111111111110, sa_flags=SA_RESTART|SA_SIGINFO
SIGFPE: [libjvm.so+0xf4ed10], sa_mask[0]=11111111011111111101111111111110, sa_flags=SA_RESTART|SA_SIGINFO
SIGPIPE: [libjvm.so+0xc6daf0], sa_mask[0]=11111111011111111101111111111110, sa_flags=SA_RESTART|SA_SIGINFO
SIGXFSZ: [libjvm.so+0xc6daf0], sa_mask[0]=11111111011111111101111111111110, sa_flags=SA_RESTART|SA_SIGINFO
SIGILL: [libjvm.so+0xf4ed10], sa_mask[0]=11111111011111111101111111111110, sa_flags=SA_RESTART|SA_SIGINFO
SIGUSR2: [libjvm.so+0xc6d990], sa_mask[0]=00100000000000000000000000000000, sa_flags=SA_RESTART|SA_SIGINFO
SIGHUP: [libjvm.so+0xc6df00], sa_mask[0]=11111111011111111101111111111110, sa_flags=SA_RESTART|SA_SIGINFO
SIGINT: [libjvm.so+0xc6df00], sa_mask[0]=11111111011111111101111111111110, sa_flags=SA_RESTART|SA_SIGINFO
SIGTERM: [libjvm.so+0xc6df00], sa_mask[0]=11111111011111111101111111111110, sa_flags=SA_RESTART|SA_SIGINFO
SIGQUIT: [libjvm.so+0xc6df00], sa_mask[0]=11111111011111111101111111111110, sa_flags=SA_RESTART|SA_SIGINFO


---------------  S Y S T E M  ---------------

OS:DISTRIB_ID=Ubuntu
DISTRIB_RELEASE=22.04
DISTRIB_CODENAME=jammy
DISTRIB_DESCRIPTION="Ubuntu 22.04.3 LTS"
uname:Linux 6.2.0-26-generic #26~22.04.1-Ubuntu SMP PREEMPT_DYNAMIC Thu Jul 13 16:27:29 UTC 2 x86_64
OS uptime: 0 days 4:10 hours
libc:glibc 2.35 NPTL 2.35 
rlimit (soft/hard): STACK 8192k/infinity , CORE 0k/infinity , NPROC 15299/15299 , NOFILE 1048576/1048576 , AS infinity/infinity , CPU infinity/infinity , DATA infinity/infinity , FSIZE infinity/infinity , MEMLOCK 499968k/499968k
load average:1,93 2,05 2,02

/proc/meminfo:
MemTotal:        3999764 kB
MemFree:          345500 kB
MemAvailable:     653664 kB
Buffers:           11580 kB
Cached:           458860 kB
SwapCached:       100680 kB
Active:          1257380 kB
Inactive:        1992056 kB
Active(anon):    1033788 kB
Inactive(anon):  1753792 kB
Active(file):     223592 kB
Inactive(file):   238264 kB
Unevictable:          64 kB
Mlocked:              64 kB
SwapTotal:       8388604 kB
SwapFree:        7181380 kB
Zswap:                 0 kB
Zswapped:              0 kB
Dirty:             23428 kB
Writeback:             0 kB
AnonPages:       2719996 kB
Mapped:           177400 kB
Shmem:              8628 kB
KReclaimable:      99764 kB
Slab:             241884 kB
SReclaimable:      99764 kB
SUnreclaim:       142120 kB
KernelStack:       12192 kB
PageTables:        27696 kB
SecPageTables:         0 kB
NFS_Unstable:          0 kB
Bounce:                0 kB
WritebackTmp:          0 kB
CommitLimit:    10388484 kB
Committed_AS:    8246460 kB
VmallocTotal:   34359738367 kB
VmallocUsed:       75328 kB
VmallocChunk:          0 kB
Percpu:             3440 kB
HardwareCorrupted:     0 kB
AnonHugePages:      2048 kB
ShmemHugePages:        0 kB
ShmemPmdMapped:        0 kB
FileHugePages:         0 kB
FilePmdMapped:         0 kB
HugePages_Total:       0
HugePages_Free:        0
HugePages_Rsvd:        0
HugePages_Surp:        0
Hugepagesize:       2048 kB
Hugetlb:               0 kB
DirectMap4k:      541568 kB
DirectMap2M:     3651584 kB

/sys/kernel/mm/transparent_hugepage/enabled:
always [madvise] never
/sys/kernel/mm/transparent_hugepage/defrag (defrag/compaction efforts parameter):
always defer defer+madvise [madvise] never

Process Memory:
Virtual Size: 3632836K (peak: 3632836K)
Resident Set Size: 395620K (peak: 395620K) (anon: 366052K, file: 29568K, shmem: 0K)
Swapped out: 0K
C-Heap outstanding allocations: 63337K, retained: 26286K
glibc malloc tunables: (default)

/proc/sys/kernel/threads-max (system-wide limit on the number of threads):
30599
/proc/sys/vm/max_map_count (maximum number of memory map areas a process may have):
65530
/proc/sys/kernel/pid_max (system-wide limit on number of process identifiers):
4194304

container (cgroup) information:
container_type: cgroupv2
cpu_cpuset_cpus: not supported
cpu_memory_nodes: not supported
active_processor_count: 2
cpu_quota: not supported
cpu_period: not supported
cpu_shares: not supported
memory_limit_in_bytes: unlimited
memory_and_swap_limit_in_bytes: unlimited
memory_soft_limit_in_bytes: unlimited
memory_usage_in_bytes: 2789560 k
memory_max_usage_in_bytes: not supported
memory_swap_current_in_bytes: 361980 k
memory_swap_max_limit_in_bytes: unlimited
maximum number of tasks: 4589
current number of tasks: 194

Steal ticks since vm start: 0
Steal ticks percentage since vm start:  0,000

CPU:total 2 (initial active 2) (2 cores per cpu, 1 threads per core) family 6 model 15 stepping 11 microcode 0xba, cmov, cx8, fxsr, mmx, sse, sse2, sse3, ssse3, tsc
CPU Model and flags from /proc/cpuinfo:
model name	: Intel(R) Core(TM)2 Duo CPU     E6550  @ 2.33GHz
flags		: fpu vme de pse tsc msr pae mce cx8 apic sep mtrr pge mca cmov pat pse36 clflush dts acpi mmx fxsr sse sse2 ht tm pbe syscall nx lm constant_tsc arch_perfmon pebs bts rep_good nopl cpuid aperfmperf pni dtes64 monitor ds_cpl vmx smx est tm2 ssse3 cx16 xtpr pdcm lahf_lm pti tpr_shadow vnmi flexpriority vpid dtherm
Online cpus:
0-1
Offline cpus:
2-3
BIOS frequency limitation:
2333000
Frequency switch latency (ns):
160000
Available cpu frequencies:
2333000 2000000 
Current governor:
schedutil
Core performance/turbo boost:
<Not Available>

Memory: 4k page, physical 3999764k(345500k free), swap 8388604k(7181380k free)

vm_info: OpenJDK 64-Bit Server VM (11.0.20+8-LTS) for linux-amd64 JRE (11.0.20+8-LTS), built on Jul 11 2023 20:01:13 by "jenkins" with gcc 7.3.1 20180303 (Red Hat 7.3.1-5)

END.
